============================= test session starts ==============================
platform linux -- Python 3.9.23, pytest-8.4.2, pluggy-1.6.0 -- /home/ollie/miniconda3/envs/simtbx/bin/python3.9
cachedir: .pytest_cache
rootdir: /home/ollie/Documents/diffbragg_example_2/diffbragg_example
configfile: pyproject.toml
plugins: cov-7.0.0
collecting ... collected 1 item

tests/dbex/test_torch_refine_smoke.py::test_stage_b_per_reflection_smoke FAILED [100%]

=================================== FAILURES ===================================
______________________ test_stage_b_per_reflection_smoke _______________________

refgeom_dataload = <dbex.data_load.DataLoad object at 0x7c42c867d8b0>
refinement_inputs = RefinementInputs(target=array([[[0., 0., 0., ..., 0., 0., 0.],
        [0., 0., 0., ..., 0., 0., 0.],
        [0., 0.,...0.]]], dtype=float32), target_representation='adu', global_scale_hint=86.34794146217338, sigma_readout_provenance=None)
hkl_data = (tensor([[[0., 0., 0.,  ..., 0., 0., 0.],
         [0., 0., 0.,  ..., 0., 0., 0.],
         [0., 0., 0.,  ..., 0., 0.,...uda:0'), {'grid_max': 518.3336791992188, 'grid_mean': 16.896526336669922, 'grid_min': 0.0, 'grid_nonzero': 69614, ...})
smoke_detector_size = 'small', smoke_sigma_source = 'cli_override'

    @pytest.mark.allow_metadata_sigma
    def test_stage_b_per_reflection_smoke(
        refgeom_dataload,
        refinement_inputs,
        hkl_data,
        smoke_detector_size,
        smoke_sigma_source,
    ):
        """
        Validate Stage B per-reflection mode with ASU-based modifiers (Phase 7).
    
        Exit Criteria:
        - Telemetry includes ASU mode-specific fields (n_asu_unique, optimizer_type, asu_modifier_stats)
        - Optimizer selection validates correctly (P1 fixture ~35K ASU → Adam expected)
        - Gradient flow verified (modifier stats change from initial ~1.0)
        - Stage B improves upon Stage A (chi² reduction ≥0.01%)
        - Stage A/B both converge (status="converged" or "ok" or "early_stop")
    
        Mode: TDD (test-first), per-reflection default not yet enforced (Phase 8)
        Fixture: refGeom_small (29 ROIs, P1 space group ~35K unique ASU)
        Runtime: ~25-35s (Stage A + Stage B with small detector)
    
        Findings applied:
        - RUNTIME-001: Run with NANOBRAGG_DISABLE_COMPILE=1
        - CONFORMANCE-001: Requires KMP_DUPLICATE_LIB_OK=TRUE
        - REFINE-005: Halo-padded HKL grid mandatory
        - spec:59/60/61: Per-reflection SHALL be default, shell mode fallback permitted, halo mandatory
        - spec:107: Adam optimizer permitted for large parameter counts
        """
        import os
        import pytest
        import torch
        from dbex.nanobrag_refinement import run_nanobrag_refinement, RefinementConfig
    
        if os.getenv("AUTHORITATIVE_CMDS_DOC") != "./docs/TESTING_GUIDE.md":
            pytest.skip("Requires AUTHORITATIVE_CMDS_DOC=./docs/TESTING_GUIDE.md")
    
        print(f"\n[test_stage_b_per_reflection_smoke] detector={smoke_detector_size}")
    
        # CPU fallback blocked (same as shell mode test)
        if smoke_detector_size == "full":
            pytest.skip("CPU fallback blocked by HKL grid transfer corruption (GRADIENT-003)")
    
        DL = refgeom_dataload
        hkl_grid, hkl_metadata = hkl_data
    
        # Guard: Stage B requires halo-padded HKL grid (REFINE-005)
        assert hkl_metadata["has_halo"], (
            "Stage B smoke test requires halo-padded HKL grid per TORCH-REFINE-004."
        )
    
        # Refinement config: enable Stage B with per-reflection mode
        sigma_provenance = "external_lookup" if smoke_sigma_source == "metadata" else "cli_override"
        enable_roi = smoke_detector_size != "full"
    
        config = RefinementConfig(
            max_iter=30,
            min_loss_improvement=0.0,
            enable_hkl_interpolation=True,  # Required for Stage B (REFINE-005)
            enable_stage_b=True,
            stage_b_mode="per_reflection",  # Phase 7 new mode
            enable_stage_c=False,
            enable_stage_a_roi_mode=enable_roi,
            device="cuda:0" if torch.cuda.is_available() else "cpu",
            dtype=torch.float32,
            sigma_readout_provenance=sigma_provenance,
            enable_stage_a_warm_cache=False,  # Cold mode for determinism (PERF-WARM-001)
        )
    
        # Run refinement (Stage A + Stage B with per-reflection mode)
>       bragg_refined, telemetry_dict = run_nanobrag_refinement(
            inputs=refinement_inputs,
            detector=DL.detector,
            beam=DL.beam,
            crystal=DL.crystal,
            hkl_grid=hkl_grid,
            hkl_metadata=hkl_metadata,
            config=config,
            baseline_crystal=DL.crystal,
            baseline_detector=DL.detector,
            use_engine_delegation=True
        )

tests/dbex/test_torch_refine_smoke.py:1586: 
_ _ _ _ _ _ _ _ _ _ _ _ _ _ _ _ _ _ _ _ _ _ _ _ _ _ _ _ _ _ _ _ _ _ _ _ _ _ _ _ 
dbex/nanobrag_refinement.py:4292: in run_nanobrag_refinement
    telemetry_dict = engine.run(engine_inputs)
dbex/refinement/engine.py:123: in run
    telemetry_dict = stage.run(enriched_inputs, telemetry_sink)
dbex/refinement/stage_b.py:214: in run
    param_values = _build_stage_b_params(
_ _ _ _ _ _ _ _ _ _ _ _ _ _ _ _ _ _ _ _ _ _ _ _ _ _ _ _ _ _ _ _ _ _ _ _ _ _ _ _ 

config = RefinementConfig(history_size=10, max_iter=30, tolerance_grad=1e-07, tolerance_change=1e-09, roi_sample_fraction=0.15,...ce='cli_override', sigma_readout_reference_value=None, telemetry_output_dir=None, device='cuda:0', dtype=torch.float32)
device = device(type='cuda', index=0), dtype = torch.float32, stage_a_ctx = None
canonical_baseline = {'chi_squared': 55366028.0, 'detector_distances_mm': [231.27645547762575], 'iteration': 16, 'roi_count': 29, ...}
n_panels = 1, sampled_panel_ids = [0], sigma_floor_sq_cache = {}
use_stage_a_roi_mode = False
crystal = <dxtbx_model_ext.MosaicCrystalSauter2014 object at 0x7c42d462d7c0>
hkl_metadata = {'grid_max': 518.3336791992188, 'grid_mean': 16.896526336669922, 'grid_min': 0.0, 'grid_nonzero': 69614, ...}
hkl_grid = tensor([[[0., 0., 0.,  ..., 0., 0., 0.],
         [0., 0., 0.,  ..., 0., 0., 0.],
         [0., 0., 0.,  ..., 0., 0., ... ..., 0., 0., 0.],
         [0., 0., 0.,  ..., 0., 0., 0.],
         [0., 0., 0.,  ..., 0., 0., 0.]]], device='cuda:0')
detector = <dxtbx_model_ext.Detector object at 0x7c42d46bf900>
beam = <dxtbx_model_ext.Beam object at 0x7c42d46bf890>
inputs = RefinementInputs(target=array([[[0., 0., 0., ..., 0., 0., 0.],
        [0., 0., 0., ..., 0., 0., 0.],
        [0., 0.,...0.]]], dtype=float32), target_representation='adu', global_scale_hint=86.34794146217338, sigma_readout_provenance=None)
panel_slices = [(0, (897, 909, 17, 29)), (0, (644, 656, 21, 33)), (0, (257, 269, 37, 49)), (0, (939, 951, 65, 77)), (0, (338, 350, 92, 104)), (0, (605, 617, 156, 168)), ...]

    def _build_stage_b_params(
        config: RefinementConfig,
        device: torch.device,
        dtype: torch.dtype,
        stage_a_ctx: Optional[Dict[str, Any]],
        canonical_baseline: Dict[str, Any],
        n_panels: int,
        sampled_panel_ids: List[int],
        sigma_floor_sq_cache: Dict[torch.device, torch.Tensor],
        use_stage_a_roi_mode: bool,
        crystal,
        hkl_metadata: Dict[str, Any],
        hkl_grid: torch.Tensor,
        detector,
        beam,
        inputs,
        panel_slices: List[Tuple[slice, slice]],
    ) -> Dict[str, Any]:
        """
        Build Stage B shell modifier parameters, optimizer, and telemetry state.
    
        Returns:
            param_values: Dict containing:
                - shell_indices: Shell lookup tensor
                - shell_edges: Shell edge boundaries
                - shell_modifier_raw: Trainable shell_modifier_raw tensor
                - params: List[torch.Tensor] — Trainable shell_modifier_raw
                - optimizer: torch.optim.LBFGS — Optimizer for shell modifiers
                - telemetry_state: Dict — Accumulators for chi_squared/masked_mse traces, perf counters
                - stage_b_eval_stage_a_ctx: Optional[Dict] — CPU-cloned or original Stage A context
                - use_stage_b_cpu_fallback: bool
                - stage_b_use_warm_cache: bool
                - stage_b_cache_mode: str — "warm" or "cold"
                - use_stage_b_roi_mode: bool
                - stage_b_roi_label: str — "roi" or "panel"
                - stage_b_total_work_items: int
                - sampled_stage_b_indices: List[int]
                - full_stage_b_indices: List[int]
                - default_f_fallback_count: int
        """
        # PERF-WARM-011: Compute CPU fallback condition FIRST so we can use it for device-aware parameter init
        # When config.stage_b_full_eval_on_cpu is True, device is CUDA, and ROI mode is disabled,
        # route Stage B panel-mode closures/validations to CPU to avoid GPU OOM
        use_stage_b_cpu_fallback = (
            config.stage_b_full_eval_on_cpu
            and str(device).startswith("cuda")
            and not use_stage_a_roi_mode  # ROI mode is disabled (panel mode)
        )
    
        # GRADIENT-001: Create parameters on CPU when CPU fallback active to prevent gradient chain break
        stage_b_param_device = torch.device("cpu") if use_stage_b_cpu_fallback else torch.device(config.device)
    
        # Phase 7: Branch on Stage B mode (per-reflection vs shell)
        if config.stage_b_mode == "per_reflection":
            # Compute ASU map using Phase 6 helper
            halo_mask = hkl_metadata.get("halo_mask")  # 3D boolean array
            asu_indices, n_asu_unique = compute_hkl_asu_map(
                hkl_grid.cpu().numpy(),
>               crystal.crystal_symmetry,  # From MTZ
                halo_mask=halo_mask
            )
E           AttributeError: 'MosaicCrystalSauter2014' object has no attribute 'crystal_symmetry'

dbex/nanobrag_refinement.py:2441: AttributeError
----------------------------- Captured stdout call -----------------------------

[test_stage_b_per_reflection_smoke] detector=small
auto-selected 1-fold oversampling
[HKL stats] h=[-11,13] k=[-11,12] l=[0,4] hit_rate=1046332/1048576 (99.79%)
auto-selected 1-fold oversampling
[HKL stats] h=[-11,13] k=[-11,12] l=[0,4] hit_rate=1046332/1048576 (99.79%)
auto-selected 1-fold oversampling
[HKL stats] h=[-11,13] k=[-11,12] l=[0,4] hit_rate=1046332/1048576 (99.79%)
auto-selected 1-fold oversampling
[HKL stats] h=[-11,13] k=[-11,12] l=[0,4] hit_rate=1046332/1048576 (99.79%)
auto-selected 1-fold oversampling
[HKL stats] h=[-11,13] k=[-11,12] l=[0,4] hit_rate=1046332/1048576 (99.79%)
auto-selected 1-fold oversampling
[HKL stats] h=[-11,13] k=[-11,12] l=[0,4] hit_rate=1046332/1048576 (99.79%)
auto-selected 1-fold oversampling
[HKL stats] h=[-11,13] k=[-11,12] l=[0,4] hit_rate=1046332/1048576 (99.79%)
auto-selected 1-fold oversampling
[HKL stats] h=[-11,13] k=[-11,12] l=[0,4] hit_rate=1046332/1048576 (99.79%)
auto-selected 1-fold oversampling
[HKL stats] h=[-10,12] k=[-13,14] l=[0,4] hit_rate=1046617/1048576 (99.81%)
auto-selected 1-fold oversampling
WARNING: out of range for three point interpolation
WARNING: further warnings will not be printed!
[HKL stats] h=[-1,1] k=[-88,96] l=[-0,4] hit_rate=0/1048576 (0.00%)
auto-selected 1-fold oversampling
[HKL stats] h=[-8,9] k=[-16,17] l=[0,4] hit_rate=1046417/1048576 (99.79%)
auto-selected 1-fold oversampling
[HKL stats] h=[-8,9] k=[-16,17] l=[0,4] hit_rate=1046417/1048576 (99.79%)
auto-selected 1-fold oversampling
[HKL stats] h=[-8,9] k=[-16,17] l=[0,4] hit_rate=1046417/1048576 (99.79%)
auto-selected 1-fold oversampling
[HKL stats] h=[-8,9] k=[-16,17] l=[0,4] hit_rate=1046417/1048576 (99.79%)
auto-selected 1-fold oversampling
[HKL stats] h=[-8,9] k=[-16,17] l=[0,4] hit_rate=1046417/1048576 (99.79%)
auto-selected 1-fold oversampling
[HKL stats] h=[-9,11] k=[-14,14] l=[0,4] hit_rate=1046491/1048576 (99.80%)
auto-selected 1-fold oversampling
[HKL stats] h=[-8,9] k=[-16,17] l=[0,4] hit_rate=1046417/1048576 (99.79%)
auto-selected 1-fold oversampling
[HKL stats] h=[-8,9] k=[-16,17] l=[0,4] hit_rate=1046417/1048576 (99.79%)
auto-selected 1-fold oversampling
[HKL stats] h=[-8,9] k=[-16,17] l=[0,4] hit_rate=1046417/1048576 (99.79%)
auto-selected 1-fold oversampling
[HKL stats] h=[-8,9] k=[-16,17] l=[0,4] hit_rate=1046417/1048576 (99.79%)
auto-selected 1-fold oversampling
[HKL stats] h=[-8,9] k=[-16,17] l=[0,4] hit_rate=1046417/1048576 (99.79%)
=============================== warnings summary ===============================
tests/dbex/test_torch_refine_smoke.py::test_stage_b_per_reflection_smoke
  <frozen importlib._bootstrap>:228: DeprecationWarning: builtin type SwigPyPacked has no __module__ attribute

tests/dbex/test_torch_refine_smoke.py::test_stage_b_per_reflection_smoke
  <frozen importlib._bootstrap>:228: DeprecationWarning: builtin type SwigPyObject has no __module__ attribute

tests/dbex/test_torch_refine_smoke.py::test_stage_b_per_reflection_smoke
  <frozen importlib._bootstrap>:228: DeprecationWarning: builtin type swigvarlink has no __module__ attribute

tests/dbex/test_torch_refine_smoke.py::test_stage_b_per_reflection_smoke
  /home/ollie/miniconda3/envs/simtbx/lib/python3.9/site-packages/dials/extensions/__init__.py:3: UserWarning: pkg_resources is deprecated as an API. See https://setuptools.pypa.io/en/latest/pkg_resources.html. The pkg_resources package is slated for removal as early as 2025-11-30. Refrain from using this package or pin to Setuptools<81.
    import pkg_resources

tests/dbex/test_torch_refine_smoke.py::test_stage_b_per_reflection_smoke
  /home/ollie/miniconda3/envs/simtbx/lib/python3.9/site-packages/dxtbx/format/FormatCBFFull.py:198: DeprecationWarning: The binary mode of fromstring is deprecated, as it behaves surprisingly on unicode inputs. Use frombuffer instead
    self._raw_data = flex.int(np.fromstring(array_string, np.int32))

-- Docs: https://docs.pytest.org/en/stable/how-to/capture-warnings.html
=========================== short test summary info ============================
FAILED tests/dbex/test_torch_refine_smoke.py::test_stage_b_per_reflection_smoke - AttributeError: 'MosaicCrystalSauter2014' object has no attribute 'crystal_symmetry'
======================== 1 failed, 5 warnings in 7.73s =========================
        sigma_floor_sq_cache: Dict[torch.device, torch.Tensor],
        use_stage_a_roi_mode: bool,
        crystal,
        hkl_metadata: Dict[str, Any],
        hkl_grid: torch.Tensor,
        detector,
        beam,
        inputs,
        panel_slices: List[Tuple[slice, slice]],
    ) -> Dict[str, Any]:
        """
        Build Stage B shell modifier parameters, optimizer, and telemetry state.
    
        Returns:
            param_values: Dict containing:
                - shell_indices: Shell lookup tensor
                - shell_edges: Shell edge boundaries
                - shell_modifier_raw: Trainable shell_modifier_raw tensor
                - params: List[torch.Tensor] — Trainable shell_modifier_raw
                - optimizer: torch.optim.LBFGS — Optimizer for shell modifiers
                - telemetry_state: Dict — Accumulators for chi_squared/masked_mse traces, perf counters
                - stage_b_eval_stage_a_ctx: Optional[Dict] — CPU-cloned or original Stage A context
                - use_stage_b_cpu_fallback: bool
                - stage_b_use_warm_cache: bool
                - stage_b_cache_mode: str — "warm" or "cold"
                - use_stage_b_roi_mode: bool
                - stage_b_roi_label: str — "roi" or "panel"
                - stage_b_total_work_items: int
                - sampled_stage_b_indices: List[int]
                - full_stage_b_indices: List[int]
                - default_f_fallback_count: int
        """
        # PERF-WARM-011: Compute CPU fallback condition FIRST so we can use it for device-aware parameter init
        # When config.stage_b_full_eval_on_cpu is True, device is CUDA, and ROI mode is disabled,
        # route Stage B panel-mode closures/validations to CPU to avoid GPU OOM
        use_stage_b_cpu_fallback = (
            config.stage_b_full_eval_on_cpu
            and str(device).startswith("cuda")
            and not use_stage_a_roi_mode  # ROI mode is disabled (panel mode)
        )
    
        # GRADIENT-001: Create parameters on CPU when CPU fallback active to prevent gradient chain break
        stage_b_param_device = torch.device("cpu") if use_stage_b_cpu_fallback else torch.device(config.device)
    
        # Phase 7: Branch on Stage B mode (per-reflection vs shell)
        if config.stage_b_mode == "per_reflection":
            # Compute ASU map using Phase 6 helper
            halo_mask = hkl_metadata.get("halo_mask")  # 3D boolean array
            crystal_symmetry = hkl_metadata.get("crystal_symmetry")  # From MTZ via F.crystal_symmetry()
    
            if crystal_symmetry is None:
                # crystal_symmetry not available, fallback to shell mode
                import logging
                logger = logging.getLogger(__name__)
                logger.warning("crystal_symmetry not in hkl_metadata, falling back to shell mode")
                config_stage_b_mode_override = "shell"
                asu_indices, n_asu_unique = None, 0
            else:
                asu_indices, n_asu_unique = compute_hkl_asu_map(
                    hkl_grid.cpu().numpy(),
                    crystal_symmetry,
                    halo_mask=halo_mask
                )
    
            # Check if ASU mapping succeeded; fallback to shell mode if failed
            if config_stage_b_mode_override != "shell" and (asu_indices is None or n_asu_unique == 0):
                # ASU mapping failed, fall back to shell mode (spec:60 permits fallback)
                import logging
                logger = logging.getLogger(__name__)
                logger.warning(f"ASU mapping returned None/zero, falling back to shell mode for this refinement")
                config_stage_b_mode_override = "shell"
            else:
>               asu_indices_t = asu_indices.to(device=device, dtype=torch.long)
E               AttributeError: 'NoneType' object has no attribute 'to'

dbex/nanobrag_refinement.py:2463: AttributeError
------------------------------ Captured log call -------------------------------
WARNING  dbex.nanobrag_refinement:nanobrag_refinement.py:2445 crystal_symmetry not in hkl_metadata, falling back to shell mode
=============================== warnings summary ===============================
tests/dbex/test_torch_refine_smoke.py::test_stage_b_per_reflection_smoke
  <frozen importlib._bootstrap>:228: DeprecationWarning: builtin type SwigPyPacked has no __module__ attribute

tests/dbex/test_torch_refine_smoke.py::test_stage_b_per_reflection_smoke
  <frozen importlib._bootstrap>:228: DeprecationWarning: builtin type SwigPyObject has no __module__ attribute

tests/dbex/test_torch_refine_smoke.py::test_stage_b_per_reflection_smoke
  <frozen importlib._bootstrap>:228: DeprecationWarning: builtin type swigvarlink has no __module__ attribute

tests/dbex/test_torch_refine_smoke.py::test_stage_b_per_reflection_smoke
  /home/ollie/miniconda3/envs/simtbx/lib/python3.9/site-packages/dials/extensions/__init__.py:3: UserWarning: pkg_resources is deprecated as an API. See https://setuptools.pypa.io/en/latest/pkg_resources.html. The pkg_resources package is slated for removal as early as 2025-11-30. Refrain from using this package or pin to Setuptools<81.
    import pkg_resources

tests/dbex/test_torch_refine_smoke.py::test_stage_b_per_reflection_smoke
  /home/ollie/miniconda3/envs/simtbx/lib/python3.9/site-packages/dxtbx/format/FormatCBFFull.py:198: DeprecationWarning: The binary mode of fromstring is deprecated, as it behaves surprisingly on unicode inputs. Use frombuffer instead
    self._raw_data = flex.int(np.fromstring(array_string, np.int32))

-- Docs: https://docs.pytest.org/en/stable/how-to/capture-warnings.html
=========================== short test summary info ============================
FAILED tests/dbex/test_torch_refine_smoke.py::test_stage_b_per_reflection_smoke - AttributeError: 'NoneType' object has no attribute 'to'
======================== 1 failed, 5 warnings in 7.77s =========================
