============================= test session starts ==============================
platform linux -- Python 3.9.23, pytest-8.4.2, pluggy-1.6.0 -- /home/ollie/miniconda3/envs/simtbx/bin/python3.9
cachedir: .pytest_cache
rootdir: /home/ollie/Documents/diffbragg_example_2/diffbragg_example
configfile: pyproject.toml
plugins: cov-7.0.0
collecting ... collected 1 item

tests/dbex/test_stage_a_smoke_parity.py::test_stage_a_baseline_metrics_dump FAILED [100%]

=================================== FAILURES ===================================
______________________ test_stage_a_baseline_metrics_dump ______________________

hkl_data = (tensor([[[0., 0., 0.,  ..., 0., 0., 0.],
         [0., 0., 0.,  ..., 0., 0., 0.],
         [0., 0., 0.,  ..., 0., 0.,...cuda:0'), {'grid_max': 2315.25439453125, 'grid_mean': 16.899139404296875, 'grid_min': 0.0, 'grid_nonzero': 69614, ...})
refgeom_dataload = <dbex.data_load.DataLoad object at 0x737c9c6d0250>
smoke_sigma_source = 'cli_override'

    def test_stage_a_baseline_metrics_dump(
        hkl_data,
        refgeom_dataload,
        smoke_sigma_source,
    ):
        """
        Test Stage A baseline metrics collection via config.enable_stage_a_baseline_metrics=True.
    
        Per ARCH-PROBE-FREEZE-001 Phase B: validates that RefinementEngine with Stage A only
        can emit baseline metrics (masked/unmasked means, chi²-per-pixel, ROI Pearson correlations)
        via the new telemetry hook, and that StageAArtifacts.baseline_metrics is populated with
        the expected schema v1 fields.
    
        This test ensures the production telemetry path works without relying on plan-local probes.
        """
        # Build config with baseline metrics enabled
        device_obj = torch.device("cuda:0" if torch.cuda.is_available() else "cpu")
        device = str(device_obj)
        apply_n_cells = getattr(refgeom_dataload, 'apply_calibration_n_cells', True)
    
        # Build HKL grid from fixture
        hkl_grid, hkl_metadata = hkl_data
    
        # Build mapping context for unified inputs (same as stage_a_smoke_result fixture)
        from dbex.vis.mapping import build_mapping_stage_a_context
        mapping_context = build_mapping_stage_a_context(
            refgeom_dataload,
            default_sigma_readout=3.0,
            device=device,
            apply_calibration_n_cells=apply_n_cells,
        )
        refinement_inputs = mapping_context.inputs
    
        # Configure with baseline metrics enabled
        from dbex.refinement.config import RefinementConfig
        config = RefinementConfig(
            device=device,
            dtype=torch.float32,
            enable_hkl_interpolation=False,  # Nearest-neighbor per DB-AT-028/029
            enable_stage_a_warm_cache=True,
            enable_stage_a_baseline_metrics=True,  # Enable baseline metrics collection
            stage_a_baseline_metrics_path=None,  # No JSON dump for test (only StageAArtifacts)
            enable_stage_b=False,
            enable_stage_c=False,
            calibration_metadata=refgeom_dataload.calibration_metadata if hasattr(refgeom_dataload, 'calibration_metadata') else None,
            sigma_readout_reference_value=3.0,
        )
    
        # Build refinement context
        from dbex.refinement.context import build_refinement_context
        context = build_refinement_context(
            refinement_inputs=refinement_inputs,
            detector=refgeom_dataload.detector,
            beam=refgeom_dataload.beam,
            crystal=refgeom_dataload.crystal,
            hkl_grid=hkl_grid,
            hkl_metadata=hkl_metadata,
            baseline_crystal=None,
            baseline_detector=None,
        )
    
        # Run RefinementEngine with Stage A only
        stage_a = StageA()
        engine = RefinementEngine(stages=[stage_a], config=config)
>       result = engine.run({'context': context})

tests/dbex/test_stage_a_smoke_parity.py:706: 
_ _ _ _ _ _ _ _ _ _ _ _ _ _ _ _ _ _ _ _ _ _ _ _ _ _ _ _ _ _ _ _ _ _ _ _ _ _ _ _ 
dbex/refinement/engine.py:147: in run
    stage_output = stage.run(enriched_inputs, telemetry_sink)
dbex/refinement/stage_a.py:2148: in run
    baseline_metrics = collect_stage_a_baseline_metrics(
_ _ _ _ _ _ _ _ _ _ _ _ _ _ _ _ _ _ _ _ _ _ _ _ _ _ _ _ _ _ _ _ _ _ _ _ _ _ _ _ 

stage_a_ctx = StageAContext(detector_configs=[DetectorConfig(distance_mm=231.27645547762575, pixel_size_mm=0.17200000000000001, clos...83 ],
        [0.38133776, 0.3819622 , 0.38258725, ..., 2.7770708 ,
         2.7725434 , 2.76802   ]]], dtype=float32))
refinement_inputs = RefinementInputs(target=array([[[0., 0., 0., ..., 0., 0., 0.],
        [0., 0., 0., ..., 0., 0., 0.],
        [0., 0.,... ..., 0., 0., 0.]]], dtype=float32), target_representation='adu', global_scale_hint=1.0, sigma_readout_provenance=None)
telemetry = RefinementTelemetry(optimizer='LBFGS', stage='A', history_size=10, max_iter=30, tolerance_grad=1e-07, tolerance_change...99926577, 58.24544400002196, 57.747150999603036], variance_floor_clamped_pixels=0, variance_floor_masked_pixels=4140)))
loss_mask = tensor([[[False, False, False,  ..., False, False, False],
         [False, False, False,  ..., False, False, False],
...False, False,  ..., False, False, False],
         [False, False, False,  ..., False, False, False]]], device='cuda:0')
mapping_context = <dbex.refinement.stage_a.StageA.run.<locals>.MappingContextStub object at 0x737c5a4b1100>
detector = <dxtbx_model_ext.Detector object at 0x737c9c62fba0>
beam = <dxtbx_model_ext.Beam object at 0x737c9c62fc10>
crystal = <dxtbx_model_ext.MosaicCrystalSauter2014 object at 0x737c9c647a90>
hkl_grid = tensor([[[0., 0., 0.,  ..., 0., 0., 0.],
         [0., 0., 0.,  ..., 0., 0., 0.],
         [0., 0., 0.,  ..., 0., 0., ... ..., 0., 0., 0.],
         [0., 0., 0.,  ..., 0., 0., 0.],
         [0., 0., 0.,  ..., 0., 0., 0.]]], device='cuda:0')
hkl_metadata = {'grid_max': 2315.25439453125, 'grid_mean': 16.899139404296875, 'grid_min': 0.0, 'grid_nonzero': 69614, ...}
config = RefinementConfig(history_size=10, max_iter=30, tolerance_grad=1e-07, tolerance_change=1e-09, roi_sample_fraction=0.15,...s=True, enable_stage_a_baseline_metrics=True, stage_a_baseline_metrics_path=None, device='cuda:0', dtype=torch.float32)
baseline_crystal = None

    def collect_stage_a_baseline_metrics(
        stage_a_ctx: Any,  # StageAContext
        refinement_inputs: Any,  # RefinementInputs
        telemetry: Any,  # RefinementTelemetry with params_initial
        loss_mask: torch.Tensor,  # [panel, slow, fast]
        mapping_context: Optional[Any] = None,  # MappingContext (optional, for ROI slicing)
        # ARCH-PROBE-FREEZE-001: Additional parameters for reconstruction
        detector: Optional[Any] = None,
        beam: Optional[Any] = None,
        crystal: Optional[Any] = None,
        hkl_grid: Optional[torch.Tensor] = None,
        hkl_metadata: Optional[Dict] = None,
        config: Optional[Any] = None,
        baseline_crystal: Optional[Any] = None,
    ) -> Dict[str, Any]:
        """
        Collect Stage A baseline metrics for parity diagnostics.
    
        Computes masked/unmasked means, chi²-per-pixel, and ROI Pearson correlations
        from Stage A initial forward simulation (pre-optimization).
    
        Args:
            stage_a_ctx: StageAContext with warm cache and initial parameters
            refinement_inputs: RefinementInputs with target, background-subtracted data
            telemetry: RefinementTelemetry with params_initial for reconstruction
            loss_mask: Loss mask tensor [panel, slow, fast] (True=include)
            mapping_context: Optional MappingContext for ROI slices
    
        Returns:
            Serializable dict with schema version "v1" containing:
            - masked_means: target/model/bragg means over loss mask
            - unmasked_means: target/model/bragg means over full detector
            - chi_squared: chi²-per-pixel initial and n_masked_pixels
            - roi_correlations: per-ROI Pearson + summary stats
            - roi_snippets: top-N ROI summaries with bbox/means/corr
    
        Raises:
            ValueError: If required fields are missing or shapes are inconsistent
    
        Example:
            >>> metrics = collect_stage_a_baseline_metrics(
            ...     stage_a_ctx, refinement_inputs, telemetry, loss_mask, mapping_context
            ... )
            >>> print(f"Masked chi²/px: {metrics['chi_squared']['chi_squared_per_pixel_initial']:.2e}")
        """
        # 1. Extract target tensor (background-subtracted)
        target = refinement_inputs.target  # numpy.ndarray or torch.Tensor [panel, slow, fast]
        # Handle both numpy and torch tensors
        if isinstance(target, np.ndarray):
            # Convert to torch for consistent processing
            device_str = stage_a_ctx.device if hasattr(stage_a_ctx, 'device') else 'cpu'
            device = torch.device(device_str)
            dtype = torch.float32
            target = torch.from_numpy(target).to(device=device, dtype=dtype)
        else:
            device = target.device
            dtype = target.dtype
    
        # 2. Run initial forward simulation from StageAContext to get model_initial
        # Use the telemetry_state initial params to reconstruct the baseline Bragg
        from dbex.refinement.reconstruction import build_final_bragg_from_stage_a_telemetry
        from dbex.refinement.stage import RefinementTelemetry
    
        # Reconstruct Bragg from initial params using the provided telemetry
        # ARCH-PROBE-FREEZE-001: Pass all required parameters for reconstruction
        device_obj = torch.device(device)
        bragg_initial_np = build_final_bragg_from_stage_a_telemetry(
            telemetry_a=telemetry,
            detector=detector,
            beam=beam,
            crystal=crystal,
            inputs=refinement_inputs,
            hkl_grid=hkl_grid,
            hkl_metadata=hkl_metadata,
            config=config,
            device=device_obj,
            dtype=dtype,
            stage_a_ctx=stage_a_ctx,
            baseline_crystal=baseline_crystal,
            param_state="initial",
        )
    
        # Convert to torch tensor for consistent computation
        bragg_initial = torch.from_numpy(bragg_initial_np).to(device=device, dtype=dtype)
    
        # 3. Compute masked/unmasked means
        # Handle loss_mask: convert numpy arrays to torch if needed
        if isinstance(loss_mask, np.ndarray):
            loss_mask = torch.from_numpy(loss_mask).to(device=device, dtype=torch.bool)
            loss_mask_bool = loss_mask
        else:
            loss_mask_bool = loss_mask.bool()
        n_masked_pixels = int(loss_mask_bool.sum().item())
        n_total_pixels = int(loss_mask.numel())
    
        # Masked means
        target_mean_masked = float(target[loss_mask_bool].mean().item()) if n_masked_pixels > 0 else float("nan")
        bragg_mean_masked = float(bragg_initial[loss_mask_bool].mean().item()) if n_masked_pixels > 0 else float("nan")
    
        # For model_mean_masked, add background to match model definition
        # model = bragg + background (per spec-db-core.md:67)
>       background = refinement_inputs.background  # [panel, slow, fast]
E       AttributeError: 'RefinementInputs' object has no attribute 'background'

dbex/refinement/telemetry_baseline.py:183: AttributeError
----------------------------- Captured stdout call -----------------------------
[ARCH-SIM-CONSTRUCTION-001 CACHE HIT] Returning cached zero-iteration Bragg stack for param_state='initial' (shape=(1, 1024, 1024))
=============================== warnings summary ===============================
<frozen importlib._bootstrap>:228
  <frozen importlib._bootstrap>:228: DeprecationWarning: builtin type SwigPyPacked has no __module__ attribute

<frozen importlib._bootstrap>:228
  <frozen importlib._bootstrap>:228: DeprecationWarning: builtin type SwigPyObject has no __module__ attribute

<frozen importlib._bootstrap>:228
  <frozen importlib._bootstrap>:228: DeprecationWarning: builtin type swigvarlink has no __module__ attribute

../../../miniconda3/envs/simtbx/lib/python3.9/site-packages/dials/extensions/__init__.py:3
  /home/ollie/miniconda3/envs/simtbx/lib/python3.9/site-packages/dials/extensions/__init__.py:3: UserWarning: pkg_resources is deprecated as an API. See https://setuptools.pypa.io/en/latest/pkg_resources.html. The pkg_resources package is slated for removal as early as 2025-11-30. Refrain from using this package or pin to Setuptools<81.
    import pkg_resources

tests/dbex/test_stage_a_smoke_parity.py::test_stage_a_baseline_metrics_dump
  /home/ollie/miniconda3/envs/simtbx/lib/python3.9/site-packages/dxtbx/format/FormatCBFFull.py:198: DeprecationWarning: The binary mode of fromstring is deprecated, as it behaves surprisingly on unicode inputs. Use frombuffer instead
    self._raw_data = flex.int(np.fromstring(array_string, np.int32))

tests/dbex/test_stage_a_smoke_parity.py::test_stage_a_baseline_metrics_dump
tests/dbex/test_stage_a_smoke_parity.py::test_stage_a_baseline_metrics_dump
tests/dbex/test_stage_a_smoke_parity.py::test_stage_a_baseline_metrics_dump
tests/dbex/test_stage_a_smoke_parity.py::test_stage_a_baseline_metrics_dump
tests/dbex/test_stage_a_smoke_parity.py::test_stage_a_baseline_metrics_dump
tests/dbex/test_stage_a_smoke_parity.py::test_stage_a_baseline_metrics_dump
tests/dbex/test_stage_a_smoke_parity.py::test_stage_a_baseline_metrics_dump
tests/dbex/test_stage_a_smoke_parity.py::test_stage_a_baseline_metrics_dump
  /home/ollie/miniconda3/envs/simtbx/lib/python3.9/site-packages/torch/_dynamo/utils.py:1903: UserWarning: To copy construct from a tensor, it is recommended to use sourceTensor.clone().detach() or sourceTensor.clone().detach().requires_grad_(True), rather than torch.tensor(sourceTensor).
    return node.target(*args, **kwargs)

tests/dbex/test_stage_a_smoke_parity.py::test_stage_a_baseline_metrics_dump
tests/dbex/test_stage_a_smoke_parity.py::test_stage_a_baseline_metrics_dump
tests/dbex/test_stage_a_smoke_parity.py::test_stage_a_baseline_metrics_dump
tests/dbex/test_stage_a_smoke_parity.py::test_stage_a_baseline_metrics_dump
  /home/ollie/miniconda3/envs/simtbx/lib/python3.9/site-packages/torch/fx/interpreter.py:275: UserWarning: To copy construct from a tensor, it is recommended to use sourceTensor.clone().detach() or sourceTensor.clone().detach().requires_grad_(True), rather than torch.tensor(sourceTensor).
    return target(*args, **kwargs)

tests/dbex/test_stage_a_smoke_parity.py::test_stage_a_baseline_metrics_dump
tests/dbex/test_stage_a_smoke_parity.py::test_stage_a_baseline_metrics_dump
tests/dbex/test_stage_a_smoke_parity.py::test_stage_a_baseline_metrics_dump
tests/dbex/test_stage_a_smoke_parity.py::test_stage_a_baseline_metrics_dump
  /home/ollie/miniconda3/envs/simtbx/lib/python3.9/site-packages/torch/fx/experimental/proxy_tensor.py:705: UserWarning: To copy construct from a tensor, it is recommended to use sourceTensor.clone().detach() or sourceTensor.clone().detach().requires_grad_(True), rather than torch.tensor(sourceTensor).
    return func(*args, **kwargs)

-- Docs: https://docs.pytest.org/en/stable/how-to/capture-warnings.html
=========================== short test summary info ============================
FAILED tests/dbex/test_stage_a_smoke_parity.py::test_stage_a_baseline_metrics_dump - AttributeError: 'RefinementInputs' object has no attribute 'background'
======================= 1 failed, 21 warnings in 18.38s ========================
