============================= test session starts ==============================
platform linux -- Python 3.9.23, pytest-8.4.2, pluggy-1.6.0 -- /home/ollie/miniconda3/envs/simtbx/bin/python3.9
cachedir: .pytest_cache
rootdir: /home/ollie/Documents/diffbragg_example_2/diffbragg_example
configfile: pyproject.toml
plugins: anyio-4.12.0, cov-7.0.0
collecting ... collected 1 item

tests/dbex/test_torch_refine_smoke.py::test_stage_a_expansion FAILED     [100%]

=================================== FAILURES ===================================
____________________________ test_stage_a_expansion ____________________________

refgeom_dataload = <dbex.data_load.DataLoad object at 0x7f1d9941ebb0>
refinement_inputs = RefinementInputs(target=array([[[0., 0., 0., ..., 0., 0., 0.],
        [0., 0., 0., ..., 0., 0., 0.],
        [0., 0.,...0.]]], dtype=float32), target_representation='adu', global_scale_hint=86.34794146217338, sigma_readout_provenance=None)
hkl_data = (tensor([[[0., 0., 0.,  ..., 0., 0., 0.],
         [0., 0., 0.,  ..., 0., 0., 0.],
         [0., 0., 0.,  ..., 0., 0.,...uda:0'), {'grid_max': 518.3336791992188, 'grid_mean': 16.896526336669922, 'grid_min': 0.0, 'grid_nonzero': 69614, ...})
smoke_detector_size = 'small', smoke_sigma_source = 'cli_override'

    @pytest.mark.allow_metadata_sigma
    def test_stage_a_expansion(
        refgeom_dataload,
        refinement_inputs,
        hkl_data,
        smoke_detector_size,
        smoke_sigma_source,
    ):
        """
        Verify Stage A LBFGS refinement with full crystal DoFs achieves ≥0.2% loss decrease.
    
        Acceptance criteria (TORCH-REFINE-002D):
        1. Refinement runs without errors (status != "error")
        2. Telemetry contains all required keys (scale, cell a/b/c, angles, orientation, misset_xyz_deg)
        3. Orientation telemetry reports deterministic misset angles from perturbed geometry
        4. Improvement gate (≥0.2%) calibrated to achievable ceiling per empirical probe
        5. Full-loss trace is non-increasing over last 3 validations
    
        Per TORCH-REFINE-002D: Stage A now runs with tricubic HKL interpolation (interpolate=True)
        against a haloed grid (±1 padding) to prevent default_F fallback near grid boundaries.
        Deterministic geometry perturbation (+2/+1/+1% cell stretch, +1.5° Z-misset) plumbed
        through baseline_crystal parameter exercises orientation recovery while fractional HKL
        coordinates from the perturbed basis stay within haloed grid bounds.
    
        Environment:
        - Requires: KMP_DUPLICATE_LIB_OK=TRUE NANOBRAGG_DISABLE_COMPILE=1
        - Selector: pytest -v tests/dbex/test_torch_refine_smoke.py::test_stage_a_expansion
        """
        print(f"\n[test_stage_a_expansion] detector={smoke_detector_size}")
    
        hkl_grid, hkl_metadata = hkl_data
        n_rois = len(refgeom_dataload.bbox)
        strict_gates = smoke_detector_size == "full"
    
        # Configure refinement (Stage A expansion per TORCH-REFINE-002D)
        config = RefinementConfig(
            device='cuda:0',
            dtype=torch.float32,
            history_size=10,
            max_iter=30,  # ≤30 steps for Stage A expansion
            roi_sample_fraction=0.15,
            full_validation_interval=5,
            min_loss_improvement=0.002 if strict_gates else 0.0,
            enable_hkl_interpolation=True,  # TORCH-REFINE-002D: Enable tricubic with haloed grid
            sigma_readout_provenance=(
                "external_lookup" if smoke_sigma_source == "metadata" else "cli_override"
            ),
            # PERF-GPU-MEM-001: Enable chunked execution to avoid OOM on 24GB GPUs
            # Using 32 rows to account for tricubic interpolation overhead
            pixel_batch_size=32,
        )
    
        # Create perturbed geometry (TORCH-REFINE-002D)
        # Applies deterministic cell stretch and orientation misset to exercise Stage A recovery
        # with tricubic HKL interpolation enabled (haloed grid prevents default_F fallback)
        baseline_crystal = refgeom_dataload.Expt.crystal
        baseline_detector = refgeom_dataload.Expt.detector
        baseline_beam = refgeom_dataload.Expt.beam
    
        perturbed_crystal, perturbed_detector, perturbed_beam = create_perturbed_geometry(
            baseline_crystal, baseline_detector, baseline_beam
        )
    
        # Run refinement with perturbed geometry and baseline crystal for misset extraction
        # ARCH-REFACTOR-001 Phase D.3: Direct RefinementEngine usage (no facade)
        refinement_context = build_refinement_context(
            refinement_inputs=refinement_inputs,
            detector=perturbed_detector,
            beam=perturbed_beam,
            crystal=perturbed_crystal,
            hkl_grid=hkl_grid,
            hkl_metadata=hkl_metadata,
            baseline_crystal=baseline_crystal,  # Enables U_delta extraction for orientation telemetry
        )
        stages = [StageA()]  # Stage A only (no Stage B/C)
        engine = RefinementEngine(stages, config=config)
        telemetry_dict = engine.run({"context": refinement_context})
        engine_artifacts = engine._artifacts
        # Extract terminal Bragg from Stage A artifacts
        bragg_refined = engine_artifacts["stage_a"].bragg_full
    
        # ARCH-STAGE-CONTEXT-001 Phase D.3.1: Validate Stage A terminal artifact contract
        # When Stage B/C are disabled, StageAArtifacts.bragg_full must match bragg_refined
        assert engine_artifacts is not None, "Engine artifacts missing"
        assert "stage_a" in engine_artifacts, "Stage A artifacts missing from engine artifacts"
        assert len(engine_artifacts) == 1, (
            f"Stage-A-only flow should have exactly 1 artifact entry (stage_a), got {list(engine_artifacts.keys())}"
        )
    
        stage_a_artifacts = engine_artifacts["stage_a"]
        assert hasattr(stage_a_artifacts, "bragg_full"), "StageAArtifacts missing bragg_full attribute"
        assert stage_a_artifacts.bragg_full is not None, (
            "StageAArtifacts.bragg_full must be populated when Stage B/C are disabled (terminal Stage A)"
        )
    
        # Verify bragg_full is CPU numpy array with correct shape/values
        import numpy as np
        bragg_full_artifact = stage_a_artifacts.bragg_full
        assert isinstance(bragg_full_artifact, np.ndarray), (
            f"StageAArtifacts.bragg_full should be numpy array, got {type(bragg_full_artifact)}"
        )
        assert bragg_full_artifact.shape == bragg_refined.shape, (
            f"StageAArtifacts.bragg_full shape {bragg_full_artifact.shape} != bragg_refined {bragg_refined.shape}"
        )
        assert np.allclose(bragg_full_artifact, bragg_refined, rtol=1e-6, atol=1e-9), (
            f"StageAArtifacts.bragg_full does not match bragg_refined within tolerance "
            f"(max abs diff: {np.max(np.abs(bragg_full_artifact - bragg_refined)):.3e})"
        )
        print(f"[Stage A artifact validation] bragg_full shape={bragg_full_artifact.shape}, "
              f"dtype={bragg_full_artifact.dtype}, matches bragg_refined: YES")
    
        # Extract Stage A telemetry (Stage C not enabled in this test)
        assert "stage_a" in telemetry_dict, "Stage A telemetry missing"
        telemetry = telemetry_dict["stage_a"]
    
        # Acceptance 1: Refinement completed without errors
        assert telemetry.status != "error", f"Refinement failed: {telemetry.message}"
    
        # Acceptance 2: Telemetry completeness (validate structure BEFORE gating per Option D)
        assert telemetry.optimizer == "LBFGS"
        assert telemetry.stage == "A"
        assert telemetry.history_size == config.history_size
        assert telemetry.max_iter == config.max_iter
        assert len(telemetry.loss_trace_sample) > 0, "Sample loss trace empty"
        assert len(telemetry.loss_trace_full) > 0, "Full loss trace empty"
        assert telemetry.chi_squared_trace_full is not None, "Stage A chi-squared trace missing"
        assert len(telemetry.chi_squared_trace_full) > 0, "Stage A chi-squared trace empty"
        assert telemetry.best_loss_full[0] > 0, "Best loss invalid"
        stage_a_initial_chi2 = telemetry.chi_squared_trace_full[0][1]
        stage_a_final_chi2 = telemetry.chi_squared_trace_full[-1][1]
        stage_a_final_iter = telemetry.chi_squared_trace_full[-1][0]
    
        # Verify all new DoF deltas are present (including misset_xyz_deg per TORCH-REFINE-002)
        required_params = ['log_scale', 'log_cell_a_delta', 'log_cell_b_delta', 'log_cell_c_delta',
                          'angle_alpha_raw', 'angle_beta_raw', 'angle_gamma_raw', 'orientation_vec', 'misset_xyz_deg']
        for param in required_params:
            assert param in telemetry.param_deltas, f"{param} delta missing"
    
        # Acceptance 3: Orientation telemetry structure validation (TORCH-REFINE-002D)
        # Validate BEFORE improvement gating to ensure plumbing is exercised regardless of dataset
        misset_xyz = telemetry.param_deltas['misset_xyz_deg']
        assert 'final' in misset_xyz, "misset_xyz_deg missing 'final' field"
        assert 'initial' in misset_xyz, "misset_xyz_deg missing 'initial' field"
        assert 'quaternion_norm' in misset_xyz, "misset_xyz_deg missing 'quaternion_norm' field"
    
        misset_xyz_final = misset_xyz['final']
        misset_xyz_initial = misset_xyz['initial']
        assert len(misset_xyz_final) == 3, f"misset_xyz_deg should have 3 components, got {len(misset_xyz_final)}"
        assert len(misset_xyz_initial) == 3, f"misset_xyz_deg initial should have 3 components, got {len(misset_xyz_initial)}"
    
        # Variance floor telemetry (PHYSICS-LOSS-002)
        assert telemetry.variance_floor_value == pytest.approx(config.sigma_floor_value**2)
        assert telemetry.variance_floor_clamp_fraction is not None
        assert 0.0 <= telemetry.variance_floor_clamp_fraction <= 1.0
        canonical_roi_count = len(refinement_inputs.panel_slices)
        assert telemetry.canonical_stage_label == "A"
        assert telemetry.canonical_chi_squared is not None
        assert telemetry.canonical_chi_squared_iteration is not None
        assert telemetry.canonical_roi_count == canonical_roi_count
        if smoke_sigma_source == "metadata":
            assert telemetry.sigma_readout_provenance == "external_lookup"
            assert telemetry.canonical_chi_squared == pytest.approx(stage_a_final_chi2, rel=5e-4)
            assert telemetry.canonical_chi_squared_iteration == stage_a_final_iter
        else:
            assert telemetry.sigma_readout_provenance in {None, "cli_override"}
            if strict_gates:
                assert telemetry.canonical_chi_squared == pytest.approx(stage_a_final_chi2, rel=5e-4)
                assert telemetry.canonical_chi_squared_iteration == stage_a_final_iter
    
        # Check quaternion normalization (should be ~1.0)
        quat_norm = misset_xyz['quaternion_norm']
        assert abs(quat_norm - 1.0) < 1e-3, f"Quaternion norm {quat_norm:.6f} far from 1.0"
    
        # TORCH-REFINE-002D: Assert deterministic misset angles are reported in telemetry
        # create_perturbed_geometry applies +1.5° Z-axis rotation, which should appear in initial misset
        # Expected: ~[0, 0, 1.5] degrees (XYZ extrinsic Euler angles)
        # Tolerance: ±0.2° to account for U_delta reconstruction and Euler conversion
        expected_z_misset_deg = 1.5
        misset_z_initial = misset_xyz_initial[2]  # Z-component (yaw/gamma)
        assert abs(misset_z_initial - expected_z_misset_deg) < 0.2, (
            f"Initial Z-misset {misset_z_initial:.3f}° differs from expected {expected_z_misset_deg:.1f}° "
            f"(perturbed geometry Z-rotation). Full initial misset: {misset_xyz_initial}"
        )
    
        # X and Y components should be near zero (no perturbation applied to those axes)
        assert abs(misset_xyz_initial[0]) < 0.2, f"Initial X-misset {misset_xyz_initial[0]:.3f}° should be ~0"
        assert abs(misset_xyz_initial[1]) < 0.2, f"Initial Y-misset {misset_xyz_initial[1]:.3f}° should be ~0"
    
        # Acceptance 4: Non-increasing full-loss trace over last 3 validations
        if strict_gates and len(telemetry.loss_trace_full) >= 3:
            last_three_losses = [loss for _, loss in telemetry.loss_trace_full[-3:]]
            for i in range(1, len(last_three_losses)):
                assert last_three_losses[i] <= last_three_losses[i-1] * 1.02, (
                    f"Full-loss increased by >2% at validation {i}: "
                    f"{last_three_losses[i-1]:.2e} → {last_three_losses[i]:.2e}"
                )
    
        # Acceptance 5: At least one Stage A degree of freedom moved
        # Check max absolute delta across all DoFs (log_scale, log_cell deltas, angle deltas, misset components)
        # This preserves the "Stage A is not a no-op" guarantee without failing when only geometry params move
        max_delta = 0.0
        dof_names = []
    
        # Check log_scale delta
        scale_delta = abs(telemetry.param_deltas['log_scale']['delta'])
        if scale_delta > max_delta:
            max_delta = scale_delta
            dof_names = ['log_scale']
        elif scale_delta == max_delta:
            dof_names.append('log_scale')
    
        # Check log_cell deltas
        for cell_param in ['log_cell_a_delta', 'log_cell_b_delta', 'log_cell_c_delta']:
            cell_delta = abs(telemetry.param_deltas[cell_param]['delta'])
            if cell_delta > max_delta:
                max_delta = cell_delta
                dof_names = [cell_param]
            elif cell_delta == max_delta:
                dof_names.append(cell_param)
    
        # Check angle deltas
        for angle_param in ['angle_alpha_raw', 'angle_beta_raw', 'angle_gamma_raw']:
            angle_delta = abs(telemetry.param_deltas[angle_param]['delta'])
            if angle_delta > max_delta:
                max_delta = angle_delta
                dof_names = [angle_param]
            elif angle_delta == max_delta:
                dof_names.append(angle_param)
    
        # Check misset components (xyz)
        misset_deltas = telemetry.param_deltas['misset_xyz_deg']
        for i, component in enumerate(['x', 'y', 'z']):
            misset_delta = abs(misset_deltas['final'][i] - misset_deltas['initial'][i])
            if misset_delta > max_delta:
                max_delta = misset_delta
                dof_names = [f'misset_{component}']
            elif misset_delta == max_delta:
                dof_names.append(f'misset_{component}')
    
>       assert max_delta > 1e-6, (
            f"Stage A appears to be a no-op: max absolute delta across all DoFs = {max_delta:.3e} <= 1e-6. "
            f"Largest moving DoF(s): {', '.join(dof_names)}"
        )
E       AssertionError: Stage A appears to be a no-op: max absolute delta across all DoFs = 0.000e+00 <= 1e-6. Largest moving DoF(s): log_scale, log_cell_a_delta, log_cell_b_delta, log_cell_c_delta, angle_alpha_raw, angle_beta_raw, angle_gamma_raw, misset_x, misset_y, misset_z
E       assert 0.0 > 1e-06

tests/dbex/test_torch_refine_smoke.py:619: AssertionError
----------------------------- Captured stdout call -----------------------------

[test_stage_a_expansion] detector=small
WARNING: out of range for three point interpolation
WARNING: further warnings will not be printed!
[HKL stats] h=[29,39] k=[42,52] l=[37,53] hit_rate=0/4718592 (0.00%)
[HKL stats] h=[29,40] k=[42,52] l=[37,53] hit_rate=0/4718592 (0.00%)
[HKL stats] h=[30,40] k=[42,51] l=[38,54] hit_rate=0/4718592 (0.00%)
[HKL stats] h=[30,41] k=[41,51] l=[38,54] hit_rate=0/4718592 (0.00%)
[HKL stats] h=[30,41] k=[41,51] l=[38,54] hit_rate=0/4718592 (0.00%)
[HKL stats] h=[31,41] k=[41,51] l=[39,55] hit_rate=0/4718592 (0.00%)
[HKL stats] h=[31,42] k=[40,50] l=[39,55] hit_rate=0/4718592 (0.00%)
[HKL stats] h=[31,42] k=[40,50] l=[39,55] hit_rate=0/4718592 (0.00%)
[HKL stats] h=[32,42] k=[40,50] l=[39,56] hit_rate=0/4718592 (0.00%)
[HKL stats] h=[32,43] k=[39,49] l=[40,56] hit_rate=0/4718592 (0.00%)
[HKL stats] h=[32,43] k=[39,49] l=[40,56] hit_rate=0/4718592 (0.00%)
[HKL stats] h=[33,44] k=[38,48] l=[40,57] hit_rate=0/4718592 (0.00%)
[HKL stats] h=[33,44] k=[38,48] l=[41,57] hit_rate=0/4718592 (0.00%)
[HKL stats] h=[33,44] k=[37,48] l=[41,57] hit_rate=0/4718592 (0.00%)
[HKL stats] h=[34,45] k=[37,47] l=[41,57] hit_rate=0/4718592 (0.00%)
[HKL stats] h=[34,45] k=[36,47] l=[41,58] hit_rate=0/4718592 (0.00%)
[HKL stats] h=[34,45] k=[36,46] l=[41,58] hit_rate=0/4718592 (0.00%)
[HKL stats] h=[35,45] k=[36,46] l=[42,58] hit_rate=0/4718592 (0.00%)
[HKL stats] h=[35,46] k=[35,45] l=[42,58] hit_rate=0/4718592 (0.00%)
[HKL stats] h=[35,46] k=[35,45] l=[42,58] hit_rate=0/4718592 (0.00%)
[HKL stats] h=[35,46] k=[34,44] l=[42,59] hit_rate=0/4718592 (0.00%)
[HKL stats] h=[36,46] k=[34,44] l=[42,59] hit_rate=0/4718592 (0.00%)
[HKL stats] h=[36,47] k=[33,43] l=[43,59] hit_rate=0/4718592 (0.00%)
[HKL stats] h=[36,47] k=[33,43] l=[43,59] hit_rate=0/4718592 (0.00%)
[HKL stats] h=[36,47] k=[32,42] l=[43,59] hit_rate=0/4718592 (0.00%)
[HKL stats] h=[37,47] k=[31,41] l=[43,59] hit_rate=0/4718592 (0.00%)
[HKL stats] h=[37,47] k=[31,41] l=[43,59] hit_rate=0/4718592 (0.00%)
[HKL stats] h=[37,47] k=[30,40] l=[43,59] hit_rate=0/4718592 (0.00%)
[HKL stats] h=[37,48] k=[30,40] l=[44,59] hit_rate=0/4718592 (0.00%)
[HKL stats] h=[38,48] k=[29,39] l=[44,59] hit_rate=0/4718592 (0.00%)
[HKL stats] h=[38,48] k=[29,39] l=[44,59] hit_rate=0/4718592 (0.00%)
[HKL stats] h=[38,48] k=[28,38] l=[44,59] hit_rate=0/4718592 (0.00%)
[HKL stats] h=[29,39] k=[42,52] l=[37,53] hit_rate=0/4718592 (0.00%)
[HKL stats] h=[29,40] k=[42,52] l=[37,53] hit_rate=0/4718592 (0.00%)
[HKL stats] h=[30,40] k=[42,51] l=[38,54] hit_rate=0/4718592 (0.00%)
[HKL stats] h=[30,41] k=[41,51] l=[38,54] hit_rate=0/4718592 (0.00%)
[HKL stats] h=[30,41] k=[41,51] l=[38,54] hit_rate=0/4718592 (0.00%)
[HKL stats] h=[31,41] k=[41,51] l=[39,55] hit_rate=0/4718592 (0.00%)
[HKL stats] h=[31,42] k=[40,50] l=[39,55] hit_rate=0/4718592 (0.00%)
[HKL stats] h=[31,42] k=[40,50] l=[39,55] hit_rate=0/4718592 (0.00%)
[HKL stats] h=[32,42] k=[40,50] l=[39,56] hit_rate=0/4718592 (0.00%)
[HKL stats] h=[32,43] k=[39,49] l=[40,56] hit_rate=0/4718592 (0.00%)
[HKL stats] h=[32,43] k=[39,49] l=[40,56] hit_rate=0/4718592 (0.00%)
[HKL stats] h=[33,44] k=[38,48] l=[40,57] hit_rate=0/4718592 (0.00%)
[HKL stats] h=[33,44] k=[38,48] l=[41,57] hit_rate=0/4718592 (0.00%)
[HKL stats] h=[33,44] k=[37,48] l=[41,57] hit_rate=0/4718592 (0.00%)
[HKL stats] h=[34,45] k=[37,47] l=[41,57] hit_rate=0/4718592 (0.00%)
[HKL stats] h=[34,45] k=[36,47] l=[41,58] hit_rate=0/4718592 (0.00%)
[HKL stats] h=[34,45] k=[36,46] l=[41,58] hit_rate=0/4718592 (0.00%)
[HKL stats] h=[35,45] k=[36,46] l=[42,58] hit_rate=0/4718592 (0.00%)
[HKL stats] h=[35,46] k=[35,45] l=[42,58] hit_rate=0/4718592 (0.00%)
[HKL stats] h=[35,46] k=[35,45] l=[42,58] hit_rate=0/4718592 (0.00%)
[HKL stats] h=[35,46] k=[34,44] l=[42,59] hit_rate=0/4718592 (0.00%)
[HKL stats] h=[36,46] k=[34,44] l=[42,59] hit_rate=0/4718592 (0.00%)
[HKL stats] h=[36,47] k=[33,43] l=[43,59] hit_rate=0/4718592 (0.00%)
[HKL stats] h=[36,47] k=[33,43] l=[43,59] hit_rate=0/4718592 (0.00%)
[HKL stats] h=[36,47] k=[32,42] l=[43,59] hit_rate=0/4718592 (0.00%)
[HKL stats] h=[37,47] k=[31,41] l=[43,59] hit_rate=0/4718592 (0.00%)
[HKL stats] h=[37,47] k=[31,41] l=[43,59] hit_rate=0/4718592 (0.00%)
[HKL stats] h=[37,47] k=[30,40] l=[43,59] hit_rate=0/4718592 (0.00%)
[HKL stats] h=[37,48] k=[30,40] l=[44,59] hit_rate=0/4718592 (0.00%)
[HKL stats] h=[38,48] k=[29,39] l=[44,59] hit_rate=0/4718592 (0.00%)
[HKL stats] h=[38,48] k=[29,39] l=[44,59] hit_rate=0/4718592 (0.00%)
[HKL stats] h=[38,48] k=[28,38] l=[44,59] hit_rate=0/4718592 (0.00%)
WARNING: out of range for three point interpolation
WARNING: further warnings will not be printed!
[HKL stats] h=[-22,-5] k=[9,11] l=[-69,-67] hit_rate=0/294912 (0.00%)
[HKL stats] h=[-22,-5] k=[9,10] l=[-69,-67] hit_rate=0/294912 (0.00%)
[HKL stats] h=[-22,-5] k=[8,9] l=[-70,-67] hit_rate=0/294912 (0.00%)
[HKL stats] h=[-23,-5] k=[7,9] l=[-70,-68] hit_rate=0/294912 (0.00%)
[HKL stats] h=[-23,-5] k=[7,8] l=[-70,-68] hit_rate=0/294912 (0.00%)
[HKL stats] h=[-23,-6] k=[6,7] l=[-70,-68] hit_rate=0/294912 (0.00%)
[HKL stats] h=[-23,-6] k=[5,7] l=[-70,-68] hit_rate=0/294912 (0.00%)
[HKL stats] h=[-24,-6] k=[4,6] l=[-71,-68] hit_rate=0/294912 (0.00%)
[HKL stats] h=[-24,-6] k=[4,5] l=[-71,-68] hit_rate=0/294912 (0.00%)
[HKL stats] h=[-24,-7] k=[3,4] l=[-71,-68] hit_rate=0/294912 (0.00%)
[HKL stats] h=[-25,-7] k=[2,4] l=[-71,-69] hit_rate=0/294912 (0.00%)
[HKL stats] h=[-25,-7] k=[2,3] l=[-71,-69] hit_rate=0/294912 (0.00%)
[HKL stats] h=[-25,-7] k=[1,2] l=[-71,-69] hit_rate=0/294912 (0.00%)
[HKL stats] h=[-25,-8] k=[0,1] l=[-71,-69] hit_rate=0/294912 (0.00%)
[HKL stats] h=[-26,-8] k=[-1,1] l=[-71,-69] hit_rate=0/294912 (0.00%)
[HKL stats] h=[-26,-8] k=[-1,-0] l=[-71,-69] hit_rate=0/294912 (0.00%)
[HKL stats] h=[-26,-8] k=[-2,-1] l=[-71,-69] hit_rate=0/294912 (0.00%)
[HKL stats] h=[-26,-9] k=[-3,-2] l=[-71,-69] hit_rate=0/294912 (0.00%)
[HKL stats] h=[-27,-9] k=[-4,-2] l=[-71,-69] hit_rate=0/294912 (0.00%)
[HKL stats] h=[-27,-9] k=[-4,-3] l=[-71,-69] hit_rate=0/294912 (0.00%)
[HKL stats] h=[-27,-9] k=[-5,-4] l=[-71,-69] hit_rate=0/294912 (0.00%)
[HKL stats] h=[-27,-10] k=[-6,-4] l=[-71,-69] hit_rate=0/294912 (0.00%)
[HKL stats] h=[-27,-10] k=[-7,-5] l=[-71,-69] hit_rate=0/294912 (0.00%)
[HKL stats] h=[-28,-10] k=[-7,-6] l=[-71,-68] hit_rate=0/294912 (0.00%)
[HKL stats] h=[-28,-10] k=[-8,-7] l=[-71,-68] hit_rate=0/294912 (0.00%)
[HKL stats] h=[-28,-11] k=[-9,-7] l=[-71,-68] hit_rate=0/294912 (0.00%)
[HKL stats] h=[-28,-11] k=[-10,-8] l=[-70,-68] hit_rate=0/294912 (0.00%)
[HKL stats] h=[-28,-11] k=[-10,-9] l=[-70,-68] hit_rate=0/294912 (0.00%)
[HKL stats] h=[-28,-11] k=[-11,-9] l=[-70,-68] hit_rate=0/294912 (0.00%)
[HKL stats] h=[-29,-11] k=[-12,-10] l=[-70,-68] hit_rate=0/294912 (0.00%)
[HKL stats] h=[-29,-12] k=[-12,-11] l=[-70,-67] hit_rate=0/294912 (0.00%)
[HKL stats] h=[-29,-12] k=[-13,-11] l=[-69,-67] hit_rate=0/294912 (0.00%)
WARNING: out of range for three point interpolation
WARNING: further warnings will not be printed!
[HKL stats] h=[-22,-5] k=[9,11] l=[-69,-67] hit_rate=0/294912 (0.00%)
[HKL stats] h=[-22,-5] k=[9,10] l=[-69,-67] hit_rate=0/294912 (0.00%)
[HKL stats] h=[-22,-5] k=[8,9] l=[-70,-67] hit_rate=0/294912 (0.00%)
[HKL stats] h=[-23,-5] k=[7,9] l=[-70,-68] hit_rate=0/294912 (0.00%)
[HKL stats] h=[-23,-5] k=[7,8] l=[-70,-68] hit_rate=0/294912 (0.00%)
[HKL stats] h=[-23,-6] k=[6,7] l=[-70,-68] hit_rate=0/294912 (0.00%)
[HKL stats] h=[-23,-6] k=[5,7] l=[-70,-68] hit_rate=0/294912 (0.00%)
[HKL stats] h=[-24,-6] k=[4,6] l=[-71,-68] hit_rate=0/294912 (0.00%)
[HKL stats] h=[-24,-6] k=[4,5] l=[-71,-68] hit_rate=0/294912 (0.00%)
[HKL stats] h=[-24,-7] k=[3,4] l=[-71,-68] hit_rate=0/294912 (0.00%)
[HKL stats] h=[-25,-7] k=[2,4] l=[-71,-69] hit_rate=0/294912 (0.00%)
[HKL stats] h=[-25,-7] k=[2,3] l=[-71,-69] hit_rate=0/294912 (0.00%)
[HKL stats] h=[-25,-7] k=[1,2] l=[-71,-69] hit_rate=0/294912 (0.00%)
[HKL stats] h=[-25,-8] k=[0,1] l=[-71,-69] hit_rate=0/294912 (0.00%)
[HKL stats] h=[-26,-8] k=[-1,1] l=[-71,-69] hit_rate=0/294912 (0.00%)
[HKL stats] h=[-26,-8] k=[-1,-0] l=[-71,-69] hit_rate=0/294912 (0.00%)
[HKL stats] h=[-26,-8] k=[-2,-1] l=[-71,-69] hit_rate=0/294912 (0.00%)
[HKL stats] h=[-26,-9] k=[-3,-2] l=[-71,-69] hit_rate=0/294912 (0.00%)
[HKL stats] h=[-27,-9] k=[-4,-2] l=[-71,-69] hit_rate=0/294912 (0.00%)
[HKL stats] h=[-27,-9] k=[-4,-3] l=[-71,-69] hit_rate=0/294912 (0.00%)
[HKL stats] h=[-27,-9] k=[-5,-4] l=[-71,-69] hit_rate=0/294912 (0.00%)
[HKL stats] h=[-27,-10] k=[-6,-4] l=[-71,-69] hit_rate=0/294912 (0.00%)
[HKL stats] h=[-27,-10] k=[-7,-5] l=[-71,-69] hit_rate=0/294912 (0.00%)
[HKL stats] h=[-28,-10] k=[-7,-6] l=[-71,-68] hit_rate=0/294912 (0.00%)
[HKL stats] h=[-28,-10] k=[-8,-7] l=[-71,-68] hit_rate=0/294912 (0.00%)
[HKL stats] h=[-28,-11] k=[-9,-7] l=[-71,-68] hit_rate=0/294912 (0.00%)
[HKL stats] h=[-28,-11] k=[-10,-8] l=[-70,-68] hit_rate=0/294912 (0.00%)
[HKL stats] h=[-28,-11] k=[-10,-9] l=[-70,-68] hit_rate=0/294912 (0.00%)
[HKL stats] h=[-28,-11] k=[-11,-9] l=[-70,-68] hit_rate=0/294912 (0.00%)
[HKL stats] h=[-29,-11] k=[-12,-10] l=[-70,-68] hit_rate=0/294912 (0.00%)
[HKL stats] h=[-29,-12] k=[-12,-11] l=[-70,-67] hit_rate=0/294912 (0.00%)
[HKL stats] h=[-29,-12] k=[-13,-11] l=[-69,-67] hit_rate=0/294912 (0.00%)
WARNING: out of range for three point interpolation
WARNING: further warnings will not be printed!
[HKL stats] h=[-22,-5] k=[9,11] l=[-69,-67] hit_rate=0/294912 (0.00%)
[HKL stats] h=[-22,-5] k=[9,10] l=[-69,-67] hit_rate=0/294912 (0.00%)
[HKL stats] h=[-22,-5] k=[8,9] l=[-70,-67] hit_rate=0/294912 (0.00%)
[HKL stats] h=[-23,-5] k=[7,9] l=[-70,-68] hit_rate=0/294912 (0.00%)
[HKL stats] h=[-23,-5] k=[7,8] l=[-70,-68] hit_rate=0/294912 (0.00%)
[HKL stats] h=[-23,-6] k=[6,7] l=[-70,-68] hit_rate=0/294912 (0.00%)
[HKL stats] h=[-23,-6] k=[5,7] l=[-70,-68] hit_rate=0/294912 (0.00%)
[HKL stats] h=[-24,-6] k=[4,6] l=[-71,-68] hit_rate=0/294912 (0.00%)
[HKL stats] h=[-24,-6] k=[4,5] l=[-71,-68] hit_rate=0/294912 (0.00%)
[HKL stats] h=[-24,-7] k=[3,4] l=[-71,-68] hit_rate=0/294912 (0.00%)
[HKL stats] h=[-25,-7] k=[2,4] l=[-71,-69] hit_rate=0/294912 (0.00%)
[HKL stats] h=[-25,-7] k=[2,3] l=[-71,-69] hit_rate=0/294912 (0.00%)
[HKL stats] h=[-25,-7] k=[1,2] l=[-71,-69] hit_rate=0/294912 (0.00%)
[HKL stats] h=[-25,-8] k=[0,1] l=[-71,-69] hit_rate=0/294912 (0.00%)
[HKL stats] h=[-26,-8] k=[-1,1] l=[-71,-69] hit_rate=0/294912 (0.00%)
[HKL stats] h=[-26,-8] k=[-1,-0] l=[-71,-69] hit_rate=0/294912 (0.00%)
[HKL stats] h=[-26,-8] k=[-2,-1] l=[-71,-69] hit_rate=0/294912 (0.00%)
[HKL stats] h=[-26,-9] k=[-3,-2] l=[-71,-69] hit_rate=0/294912 (0.00%)
[HKL stats] h=[-27,-9] k=[-4,-2] l=[-71,-69] hit_rate=0/294912 (0.00%)
[HKL stats] h=[-27,-9] k=[-4,-3] l=[-71,-69] hit_rate=0/294912 (0.00%)
[HKL stats] h=[-27,-9] k=[-5,-4] l=[-71,-69] hit_rate=0/294912 (0.00%)
[HKL stats] h=[-27,-10] k=[-6,-4] l=[-71,-69] hit_rate=0/294912 (0.00%)
[HKL stats] h=[-27,-10] k=[-7,-5] l=[-71,-69] hit_rate=0/294912 (0.00%)
[HKL stats] h=[-28,-10] k=[-7,-6] l=[-71,-68] hit_rate=0/294912 (0.00%)
[HKL stats] h=[-28,-10] k=[-8,-7] l=[-71,-68] hit_rate=0/294912 (0.00%)
[HKL stats] h=[-28,-11] k=[-9,-7] l=[-71,-68] hit_rate=0/294912 (0.00%)
[HKL stats] h=[-28,-11] k=[-10,-8] l=[-70,-68] hit_rate=0/294912 (0.00%)
[HKL stats] h=[-28,-11] k=[-10,-9] l=[-70,-68] hit_rate=0/294912 (0.00%)
[HKL stats] h=[-28,-11] k=[-11,-9] l=[-70,-68] hit_rate=0/294912 (0.00%)
[HKL stats] h=[-29,-11] k=[-12,-10] l=[-70,-68] hit_rate=0/294912 (0.00%)
[HKL stats] h=[-29,-12] k=[-12,-11] l=[-70,-67] hit_rate=0/294912 (0.00%)
[HKL stats] h=[-29,-12] k=[-13,-11] l=[-69,-67] hit_rate=0/294912 (0.00%)
WARNING: out of range for three point interpolation
WARNING: further warnings will not be printed!
[HKL stats] h=[-22,-5] k=[9,11] l=[-69,-67] hit_rate=0/294912 (0.00%)
[HKL stats] h=[-22,-5] k=[9,10] l=[-69,-67] hit_rate=0/294912 (0.00%)
[HKL stats] h=[-22,-5] k=[8,9] l=[-70,-67] hit_rate=0/294912 (0.00%)
[HKL stats] h=[-23,-5] k=[7,9] l=[-70,-68] hit_rate=0/294912 (0.00%)
[HKL stats] h=[-23,-5] k=[7,8] l=[-70,-68] hit_rate=0/294912 (0.00%)
[HKL stats] h=[-23,-6] k=[6,7] l=[-70,-68] hit_rate=0/294912 (0.00%)
[HKL stats] h=[-23,-6] k=[5,7] l=[-70,-68] hit_rate=0/294912 (0.00%)
[HKL stats] h=[-24,-6] k=[4,6] l=[-71,-68] hit_rate=0/294912 (0.00%)
[HKL stats] h=[-24,-6] k=[4,5] l=[-71,-68] hit_rate=0/294912 (0.00%)
[HKL stats] h=[-24,-7] k=[3,4] l=[-71,-68] hit_rate=0/294912 (0.00%)
[HKL stats] h=[-25,-7] k=[2,4] l=[-71,-69] hit_rate=0/294912 (0.00%)
[HKL stats] h=[-25,-7] k=[2,3] l=[-71,-69] hit_rate=0/294912 (0.00%)
[HKL stats] h=[-25,-7] k=[1,2] l=[-71,-69] hit_rate=0/294912 (0.00%)
[HKL stats] h=[-25,-8] k=[0,1] l=[-71,-69] hit_rate=0/294912 (0.00%)
[HKL stats] h=[-26,-8] k=[-1,1] l=[-71,-69] hit_rate=0/294912 (0.00%)
[HKL stats] h=[-26,-8] k=[-1,-0] l=[-71,-69] hit_rate=0/294912 (0.00%)
[HKL stats] h=[-26,-8] k=[-2,-1] l=[-71,-69] hit_rate=0/294912 (0.00%)
[HKL stats] h=[-26,-9] k=[-3,-2] l=[-71,-69] hit_rate=0/294912 (0.00%)
[HKL stats] h=[-27,-9] k=[-4,-2] l=[-71,-69] hit_rate=0/294912 (0.00%)
[HKL stats] h=[-27,-9] k=[-4,-3] l=[-71,-69] hit_rate=0/294912 (0.00%)
[HKL stats] h=[-27,-9] k=[-5,-4] l=[-71,-69] hit_rate=0/294912 (0.00%)
[HKL stats] h=[-27,-10] k=[-6,-4] l=[-71,-69] hit_rate=0/294912 (0.00%)
[HKL stats] h=[-27,-10] k=[-7,-5] l=[-71,-69] hit_rate=0/294912 (0.00%)
[HKL stats] h=[-28,-10] k=[-7,-6] l=[-71,-68] hit_rate=0/294912 (0.00%)
[HKL stats] h=[-28,-10] k=[-8,-7] l=[-71,-68] hit_rate=0/294912 (0.00%)
[HKL stats] h=[-28,-11] k=[-9,-7] l=[-71,-68] hit_rate=0/294912 (0.00%)
[HKL stats] h=[-28,-11] k=[-10,-8] l=[-70,-68] hit_rate=0/294912 (0.00%)
[HKL stats] h=[-28,-11] k=[-10,-9] l=[-70,-68] hit_rate=0/294912 (0.00%)
[HKL stats] h=[-28,-11] k=[-11,-9] l=[-70,-68] hit_rate=0/294912 (0.00%)
[HKL stats] h=[-29,-11] k=[-12,-10] l=[-70,-68] hit_rate=0/294912 (0.00%)
[HKL stats] h=[-29,-12] k=[-12,-11] l=[-70,-67] hit_rate=0/294912 (0.00%)
[HKL stats] h=[-29,-12] k=[-13,-11] l=[-69,-67] hit_rate=0/294912 (0.00%)
[ARCH-SIM-CONSTRUCTION-001 Phase C.7] Using recorded scale_factor from Stage A telemetry:
  scale_factor (recorded): 1.000000e+00
  log_scale_effective (recorded): 0.000000
  log_scale_baseline: 0.000000
  log_scale_delta_clamped (recorded): 0.0
WARNING: out of range for three point interpolation
WARNING: further warnings will not be printed!
[HKL stats] h=[-22,-5] k=[9,11] l=[-69,-67] hit_rate=0/4718592 (0.00%)
[HKL stats] h=[-22,-5] k=[9,10] l=[-69,-67] hit_rate=0/4718592 (0.00%)
[HKL stats] h=[-22,-5] k=[8,9] l=[-70,-67] hit_rate=0/4718592 (0.00%)
[HKL stats] h=[-23,-5] k=[7,9] l=[-70,-68] hit_rate=0/4718592 (0.00%)
[HKL stats] h=[-23,-5] k=[7,8] l=[-70,-68] hit_rate=0/4718592 (0.00%)
[HKL stats] h=[-23,-6] k=[6,7] l=[-70,-68] hit_rate=0/4718592 (0.00%)
[HKL stats] h=[-23,-6] k=[5,7] l=[-70,-68] hit_rate=0/4718592 (0.00%)
[HKL stats] h=[-24,-6] k=[4,6] l=[-71,-68] hit_rate=0/4718592 (0.00%)
[HKL stats] h=[-24,-6] k=[4,5] l=[-71,-68] hit_rate=0/4718592 (0.00%)
[HKL stats] h=[-24,-7] k=[3,4] l=[-71,-68] hit_rate=0/4718592 (0.00%)
[HKL stats] h=[-25,-7] k=[2,4] l=[-71,-69] hit_rate=0/4718592 (0.00%)
[HKL stats] h=[-25,-7] k=[2,3] l=[-71,-69] hit_rate=0/4718592 (0.00%)
[HKL stats] h=[-25,-7] k=[1,2] l=[-71,-69] hit_rate=0/4718592 (0.00%)
[HKL stats] h=[-25,-8] k=[0,1] l=[-71,-69] hit_rate=0/4718592 (0.00%)
[HKL stats] h=[-26,-8] k=[-1,1] l=[-71,-69] hit_rate=0/4718592 (0.00%)
[HKL stats] h=[-26,-8] k=[-1,-0] l=[-71,-69] hit_rate=0/4718592 (0.00%)
[HKL stats] h=[-26,-8] k=[-2,-1] l=[-71,-69] hit_rate=0/4718592 (0.00%)
[HKL stats] h=[-26,-9] k=[-3,-2] l=[-71,-69] hit_rate=0/4718592 (0.00%)
[HKL stats] h=[-27,-9] k=[-4,-2] l=[-71,-69] hit_rate=0/4718592 (0.00%)
[HKL stats] h=[-27,-9] k=[-4,-3] l=[-71,-69] hit_rate=0/4718592 (0.00%)
[HKL stats] h=[-27,-9] k=[-5,-4] l=[-71,-69] hit_rate=0/4718592 (0.00%)
[HKL stats] h=[-27,-10] k=[-6,-4] l=[-71,-69] hit_rate=0/4718592 (0.00%)
[HKL stats] h=[-27,-10] k=[-7,-5] l=[-71,-69] hit_rate=0/4718592 (0.00%)
[HKL stats] h=[-28,-10] k=[-7,-6] l=[-71,-68] hit_rate=0/4718592 (0.00%)
[HKL stats] h=[-28,-10] k=[-8,-7] l=[-71,-68] hit_rate=0/4718592 (0.00%)
[HKL stats] h=[-28,-11] k=[-9,-7] l=[-71,-68] hit_rate=0/4718592 (0.00%)
[HKL stats] h=[-28,-11] k=[-10,-8] l=[-70,-68] hit_rate=0/4718592 (0.00%)
[HKL stats] h=[-28,-11] k=[-10,-9] l=[-70,-68] hit_rate=0/4718592 (0.00%)
[HKL stats] h=[-28,-11] k=[-11,-9] l=[-70,-68] hit_rate=0/4718592 (0.00%)
[HKL stats] h=[-29,-11] k=[-12,-10] l=[-70,-68] hit_rate=0/4718592 (0.00%)
[HKL stats] h=[-29,-12] k=[-12,-11] l=[-70,-67] hit_rate=0/4718592 (0.00%)
[HKL stats] h=[-29,-12] k=[-13,-11] l=[-69,-67] hit_rate=0/4718592 (0.00%)
  bragg_panel[0] mean (raw sim output): 0.000000e+00
  bragg_panel[0] max: 0.000000e+00
  bragg_scaled[0] mean (calibrated (scale_factor only, no double-sqrt)): 0.000000e+00
  bragg_full mean (final output): 0.000000e+00
  bragg_full max: 0.000000e+00
[END DEBUG]
[ARCH-SIM-CONSTRUCTION-001 MASK COVERAGE] Wrote coverage stats to plans/active/ARCH-SIM-CONSTRUCTION-001/reports/2025-12-10T090000Z/mask_coverage.json
[ARCH-SIM-CONSTRUCTION-001 N_CELLS] N_cells=None, status=suppressed (apply_calibration_n_cells=True)
[ARCH-SIM-CONSTRUCTION-001 BASELINE STATS] Wrote baseline stats to plans/active/ARCH-SIM-CONSTRUCTION-001/reports/2025-12-13T235500Z/baseline_stats.json
  Reconstructed bragg mean (masked): 0.000000e+00
  Telemetry model mean (masked): 0.000000e+00
  Ratio (bragg/telem): nan
  Chi²/pixel: 1.872217e+06
[Stage A artifact validation] bragg_full shape=(1, 1024, 1024), dtype=float32, matches bragg_refined: YES
=============================== warnings summary ===============================
tests/dbex/test_torch_refine_smoke.py::test_stage_a_expansion
  <frozen importlib._bootstrap>:228: DeprecationWarning: builtin type SwigPyPacked has no __module__ attribute

tests/dbex/test_torch_refine_smoke.py::test_stage_a_expansion
  <frozen importlib._bootstrap>:228: DeprecationWarning: builtin type SwigPyObject has no __module__ attribute

tests/dbex/test_torch_refine_smoke.py::test_stage_a_expansion
  <frozen importlib._bootstrap>:228: DeprecationWarning: builtin type swigvarlink has no __module__ attribute

tests/dbex/test_torch_refine_smoke.py::test_stage_a_expansion
  /home/ollie/miniconda3/envs/simtbx/lib/python3.9/site-packages/dials/extensions/__init__.py:3: UserWarning: pkg_resources is deprecated as an API. See https://setuptools.pypa.io/en/latest/pkg_resources.html. The pkg_resources package is slated for removal as early as 2025-11-30. Refrain from using this package or pin to Setuptools<81.
    import pkg_resources

tests/dbex/test_torch_refine_smoke.py::test_stage_a_expansion
  /home/ollie/miniconda3/envs/simtbx/lib/python3.9/site-packages/dxtbx/format/FormatCBFFull.py:198: DeprecationWarning: The binary mode of fromstring is deprecated, as it behaves surprisingly on unicode inputs. Use frombuffer instead
    self._raw_data = flex.int(np.fromstring(array_string, np.int32))

-- Docs: https://docs.pytest.org/en/stable/how-to/capture-warnings.html
=========================== short test summary info ============================
FAILED tests/dbex/test_torch_refine_smoke.py::test_stage_a_expansion - Assert...
======================== 1 failed, 5 warnings in 6.18s =========================
