============================= test session starts ==============================
platform linux -- Python 3.9.23, pytest-8.4.2, pluggy-1.6.0 -- /home/ollie/miniconda3/envs/simtbx/bin/python3.9
cachedir: .pytest_cache
rootdir: /home/ollie/Documents/diffbragg_example_2/diffbragg_example
configfile: pyproject.toml
plugins: cov-7.0.0
collecting ... collected 5 items

tests/dbex/test_stage_b_asu_mapping.py::test_asu_mapping_p1 PASSED       [ 20%]
tests/dbex/test_stage_b_asu_mapping.py::test_asu_mapping_p432 PASSED     [ 40%]
tests/dbex/test_stage_b_asu_mapping.py::test_asu_halo_handling PASSED    [ 60%]
tests/dbex/test_stage_b_asu_mapping.py::test_asu_friedel_pairs PASSED    [ 80%]
tests/dbex/test_stage_b_asu_mapping.py::test_apply_asu_modifiers PASSED  [100%]

============================== 5 passed in 1.05s ===============================
