============================= test session starts ==============================
platform linux -- Python 3.9.23, pytest-8.4.2, pluggy-1.6.0 -- /home/ollie/miniconda3/envs/simtbx/bin/python3.9
cachedir: .pytest_cache
rootdir: /home/ollie/Documents/diffbragg_example_2/diffbragg_example
configfile: pyproject.toml
collecting ... collected 10 items / 8 deselected / 2 selected

tests/dbex/test_refine_one_cli.py::test_nanobrag_backend_requires_sigma_rdout PASSED [ 50%]
tests/dbex/test_refine_one_cli.py::test_torch_diagnostics_metadata PASSED [100%]

======================= 2 passed, 8 deselected in 0.96s ========================
