============================= test session starts ==============================
platform linux -- Python 3.9.23, pytest-8.4.2, pluggy-1.6.0 -- /home/ollie/miniconda3/envs/simtbx/bin/python3.9
cachedir: .pytest_cache
rootdir: /home/ollie/Documents/diffbragg_example
configfile: pyproject.toml
collecting ... collected 1 item

tests/dbex/test_torch_refine_smoke.py::test_stage_b_shell_modifiers FAILED [100%]

=================================== FAILURES ===================================
_________________________ test_stage_b_shell_modifiers _________________________

refgeom_dataload = <dbex.data_load.DataLoad object at 0x772134480f70>
refinement_inputs = RefinementInputs(target=array([[[0., 0., 0., ..., 0., 0., 0.],
        [0., 0., 0., ..., 0., 0., 0.],
        [0., 0.,...  [ True,  True,  True, ...,  True,  True,  True]]]), target_representation='adu', global_scale_hint=62.65738056380318)
hkl_data = (tensor([[[0., 0., 0.,  ..., 0., 0., 0.],
         [0., 0., 0.,  ..., 0., 0., 0.],
         [0., 0., 0.,  ..., 0., 0.,... 0.]]]), {'grid_max': 518.3336791992188, 'grid_mean': 16.896526336669922, 'grid_min': 0.0, 'grid_nonzero': 69614, ...})

    def test_stage_b_shell_modifiers(refgeom_dataload, refinement_inputs, hkl_data):
        """
        Smoke test for Stage B shell-modifier LBFGS refinement (TORCH-REFINE-004).
    
        Tests exercise run_nanobrag_refinement with Stage B enabled (enable_stage_b=True)
        after Stage A, validating:
        - ≥3% loss descent from Stage A final to Stage B final within ≤30 LBFGS iterations
        - Telemetry presence for shell modifiers (param_deltas with d-spacing ranges)
        - Non-increasing full-loss trace across last 3 validations
        - Halo-padded HKL grid and interpolation are required (guards enforced)
    
        Per input.md:
        - docs/spec-db-workflow.md:31-34 mandates Stage B optional shell modifiers with tricubic interpolation
        - plans/nanobrag_integration_plan.md:226-244 specifies Stage B shell mode contract
        - docs/architecture/pytorch_design.md:35-40 requires ±1 halo for interpolation
        - docs/findings.md REFINE-005 confirms halo requirement for Stage B
    
        Findings applied:
        - RUNTIME-001: Run with NANOBRAGG_DISABLE_COMPILE=1 to avoid torch.compile interference
        - CONFORMANCE-001: Requires KMP_DUPLICATE_LIB_OK=TRUE
        - REFINE-005: Halo-padded HKL grid mandatory for Stage B; guard enforced in run_nanobrag_refinement
        - SCALE-001/002: Structure factors unscaled; shell modifiers applied multiplicatively
        """
        from dbex.nanobrag_refinement import run_nanobrag_refinement, RefinementConfig
    
        DL = refgeom_dataload
        hkl_grid, hkl_metadata = hkl_data
    
        # Guard: Stage B requires halo-padded HKL grid (REFINE-005)
        assert hkl_metadata["has_halo"], (
            "Stage B smoke test requires halo-padded HKL grid. "
            "hkl_data fixture must be configured with halo=True per TORCH-REFINE-004."
        )
    
        # Refinement config: enable Stage B with 5 resolution shells
        # Keep Stage A and Stage C disabled to isolate Stage B behavior
        config = RefinementConfig(
            max_iter=30,
            min_loss_improvement=0.002,  # Stage A gate (0.2%)
            enable_hkl_interpolation=True,  # Required for Stage B (REFINE-005)
            enable_stage_b=True,  # Enable shell modifiers
            stage_b_n_shells=5,
            stage_b_min_loss_improvement=0.03,  # 3% gate per TORCH-REFINE-004
            stage_b_max_modifier=2.0,
            enable_stage_c=False,  # Disable Stage C for this test
            device="cpu",
            dtype=torch.float32
        )
    
        # Run refinement (Stage A + Stage B)
>       bragg_refined, telemetry_dict = run_nanobrag_refinement(
            inputs=refinement_inputs,
            detector=DL.detector,
            beam=DL.beam,
            crystal=DL.crystal,
            hkl_grid=hkl_grid,
            hkl_metadata=hkl_metadata,
            config=config
        )

tests/dbex/test_torch_refine_smoke.py:610: 
_ _ _ _ _ _ _ _ _ _ _ _ _ _ _ _ _ _ _ _ _ _ _ _ _ _ _ _ _ _ _ _ _ _ _ _ _ _ _ _ 

inputs = RefinementInputs(target=array([[[0., 0., 0., ..., 0., 0., 0.],
        [0., 0., 0., ..., 0., 0., 0.],
        [0., 0.,...  [ True,  True,  True, ...,  True,  True,  True]]]), target_representation='adu', global_scale_hint=62.65738056380318)
detector = <dxtbx_model_ext.Detector object at 0x772140c3ceb0>
beam = <dxtbx_model_ext.Beam object at 0x772140c3cba0>
crystal = <dxtbx_model_ext.MosaicCrystalSauter2014 object at 0x772140c54e00>
hkl_grid = tensor([[[0., 0., 0.,  ..., 0., 0., 0.],
         [0., 0., 0.,  ..., 0., 0., 0.],
         [0., 0., 0.,  ..., 0., 0., ...    [0., 0., 0.,  ..., 0., 0., 0.],
         [0., 0., 0.,  ..., 0., 0., 0.],
         [0., 0., 0.,  ..., 0., 0., 0.]]])
hkl_metadata = {'grid_max': 518.3336791992188, 'grid_mean': 16.896526336669922, 'grid_min': 0.0, 'grid_nonzero': 69614, ...}
config = RefinementConfig(history_size=10, max_iter=30, tolerance_grad=1e-07, tolerance_change=1e-09, roi_sample_fraction=0.15,...tage_c=False, stage_c_min_loss_improvement=2e-05, stage_c_max_distance_delta_mm=0.5, device='cpu', dtype=torch.float32)
baseline_crystal = None

    def run_nanobrag_refinement(
        inputs,
        detector,
        beam,
        crystal,
        hkl_grid: torch.Tensor,
        hkl_metadata: Dict,
        config: Optional[RefinementConfig] = None,
        baseline_crystal=None
    ) -> Tuple[np.ndarray, Dict[str, RefinementTelemetry]]:
        """
        Run Stage A (+ optional Stage C) LBFGS refinement on nanobrag_torch simulator.
    
        Stage A optimizes:
        - log_scale: global intensity scale (ADU mode)
        - log_cell_*_delta: unit cell length perturbations (a/b/c)
        - angle_*_raw: unit cell angle perturbations (alpha/beta/gamma)
        - orientation_vec: crystal misorientation (3-vector → quaternion → XYZ Euler)
    
        Stage C (when config.enable_stage_c=True) optimizes:
        - per-panel detector distance offsets along panel normal (odet_vec)
    
        Args:
            inputs: RefinementInputs with target, loss_mask, panel_slices, trusted_mask
            detector: dxtbx Detector object (multi-panel, possibly perturbed for Stage C smoke)
            beam: dxtbx Beam object
            crystal: dxtbx Crystal object (possibly perturbed from baseline)
            hkl_grid: torch.Tensor structure factor grid (P1 dense)
            hkl_metadata: dict with grid dimensions and metadata
            config: Optional RefinementConfig; uses defaults if None
            baseline_crystal: Optional baseline dxtbx Crystal object for extracting deterministic
                            misset when `crystal` is perturbed (TORCH-REFINE-002D). When provided,
                            computes U_delta = U_perturbed @ U_baseline^{-1} and adds it to the
                            orientation refinement path as a tensor to preserve differentiability.
    
        Returns:
            Tuple of:
            - Bragg: np.ndarray [panel, slow, fast] final simulated intensities after all stages (CPU, float32)
            - telemetry_dict: Dict[str, RefinementTelemetry] keyed by stage label ("A", "C")
                             Always contains "A"; contains "C" only when config.enable_stage_c=True
    
        Raises:
            RuntimeError: If simulator fails or gradients are NaN/Inf
        """
        from nanobrag_torch.simulator import Simulator
        from nanobrag_torch.models.detector import Detector
        from nanobrag_torch.models.crystal import Crystal
        from dbex.nanobrag_bridge import (
            create_detector_config,
            create_beam_config,
            create_crystal_config
        )
        from scitbx.matrix import sqr
    
        if config is None:
            config = RefinementConfig()
    
        # Move inputs to device
        device = torch.device(config.device)
        dtype = config.dtype
        target_t = torch.from_numpy(inputs.target).to(device=device, dtype=dtype)
        loss_mask_t = torch.from_numpy(inputs.loss_mask).to(device=device, dtype=torch.bool)
    
        # Extract deterministic misset from perturbed geometry (TORCH-REFINE-002D)
        # Compute U_delta = U_perturbed @ U_baseline^{-1} and convert to XYZ Euler angles
        baseline_misset_deg_tensor = None
        if baseline_crystal is not None:
            # Get U matrices (scitbx 3x3 matrix objects)
            U_baseline_tuple = baseline_crystal.get_U()
            U_perturbed_tuple = crystal.get_U()
    
            # Convert to scitbx sqr matrices
            U_baseline = sqr(U_baseline_tuple)
            U_perturbed = sqr(U_perturbed_tuple)
    
            # Compute U_delta = U_perturbed @ inv(U_baseline)
            U_delta = U_perturbed * U_baseline.inverse()
    
            # Convert to numpy array for euler decomposition
            U_delta_np = np.array(U_delta).reshape(3, 3)
    
            # Extract XYZ Euler angles from U_delta using same analytic formulas as GEOMETRY-002
            # R = R_z(gamma) @ R_y(beta) @ R_x(alpha)
            # phi_y = -asin(R[2,0])
            # phi_x = atan2(R[2,1], R[2,2])
            # phi_z = atan2(R[1,0], R[0,0])
            phi_y_rad = -np.arcsin(np.clip(U_delta_np[2, 0], -1.0, 1.0))
            phi_x_rad = np.arctan2(U_delta_np[2, 1], U_delta_np[2, 2])
            phi_z_rad = np.arctan2(U_delta_np[1, 0], U_delta_np[0, 0])
    
            # Convert to degrees and create torch tensor
            baseline_misset_xyz_deg = np.array([phi_x_rad, phi_y_rad, phi_z_rad]) * (180.0 / np.pi)
            baseline_misset_deg_tensor = torch.tensor(baseline_misset_xyz_deg, dtype=dtype, device=device)
    
        # Initialize refinement parameters
        # Stage A expansion: global scale + full crystal (a/b/c logs, alpha/beta/gamma bounded, orientation)
    
        # 1. log_scale: global intensity scale
        # Warm-start from global_scale_hint when available (per spec-db-workflow.md:20-40, REFINE-001)
        if inputs.global_scale_hint is not None and inputs.global_scale_hint > 0:
            initial_log_scale = float(torch.log(torch.tensor(inputs.global_scale_hint, dtype=dtype)))
        else:
            initial_log_scale = 0.0  # fallback: scale=1.0
        log_scale = torch.tensor(initial_log_scale, device=device, dtype=dtype, requires_grad=True)
    
        # 2. Unit cell length deltas (log parameterization for positivity)
        log_cell_a_delta = torch.tensor(0.0, device=device, dtype=dtype, requires_grad=True)
        log_cell_b_delta = torch.tensor(0.0, device=device, dtype=dtype, requires_grad=True)
        log_cell_c_delta = torch.tensor(0.0, device=device, dtype=dtype, requires_grad=True)
    
        # 3. Unit cell angle deltas (unbounded, will be mapped via tanh to bounded range)
        # angles in degrees: alpha, beta, gamma typically near 90° for orthorhombic/cubic
        # Use tanh(x) * max_delta to bound perturbations (e.g., ±10°)
        angle_alpha_raw = torch.tensor(0.0, device=device, dtype=dtype, requires_grad=True)
        angle_beta_raw = torch.tensor(0.0, device=device, dtype=dtype, requires_grad=True)
        angle_gamma_raw = torch.tensor(0.0, device=device, dtype=dtype, requires_grad=True)
    
        # 4. Orientation perturbation (3-vector that will be converted to unit quaternion)
        # Initialize to small values near identity rotation
        orientation_vec = torch.zeros(3, device=device, dtype=dtype, requires_grad=True)
    
        params = [
            log_scale,
            log_cell_a_delta, log_cell_b_delta, log_cell_c_delta,
            angle_alpha_raw, angle_beta_raw, angle_gamma_raw,
            orientation_vec
        ]
    
        # Setup LBFGS optimizer
        optimizer = torch.optim.LBFGS(
            params,
            history_size=config.history_size,
            max_iter=config.max_iter,
            tolerance_grad=config.tolerance_grad,
            tolerance_change=config.tolerance_change,
            line_search_fn="strong_wolfe"  # Enable strong Wolfe line search for stability
        )
    
        # Telemetry accumulators
        loss_trace_sample = []
        loss_trace_full = []
        best_loss_full = (float('inf'), -1)
        best_params_snapshot = None
        iteration_count = [0]  # Mutable counter for closure
    
        # Deterministic ROI sampling
        np.random.seed(42)  # Fixed seed for deterministic behavior
        n_panels = len(detector)
        panel_shape = inputs.target.shape[1:]  # (slow, fast)
    
        # Sample ROIs: select ~15% of panels deterministically
        sampled_panel_ids = sorted(
            np.random.choice(n_panels, size=max(1, int(n_panels * config.roi_sample_fraction)), replace=False).tolist()
        )
    
        def compute_loss(panel_ids: List[int], is_full: bool = False) -> torch.Tensor:
            """
            Compute masked MSE loss over specified panels.
    
            Args:
                panel_ids: List of panel indices to include
                is_full: If True, this is a full validation run
    
            Returns:
                loss: torch.Tensor scalar loss value
            """
            # Accumulate Bragg predictions per panel
            bragg_panels = []
    
            for pid in panel_ids:
                panel = detector[pid]
    
                # Create configs with current parameters
                detector_config = create_detector_config(
                    panel=panel,
                    beam=beam,
                    trusted_mask=inputs.trusted_mask[pid]
                )
    
                # Convert mask_array to torch.Tensor if it's a numpy array
                # Per dbex/nanobrag_bridge.py:998-1004, nanobrag_torch Simulator
                # expects torch.Tensor for mask_array
                if detector_config.mask_array is not None and not isinstance(detector_config.mask_array, torch.Tensor):
                    detector_config.mask_array = torch.tensor(
                        detector_config.mask_array, dtype=torch.float32, device=device
                    )
    
                beam_config = create_beam_config(beam)
    
                # Apply full crystal perturbations via tensor overrides (GRADIENT-001, TORCH-REFINE-002)
                # Get original cell parameters
                cell_params = crystal.get_unit_cell().parameters()  # (a, b, c, alpha, beta, gamma)
    
                # 1. Unit cell lengths (log-parameterized)
                perturbed_cell_a = cell_params[0] * torch.exp(log_cell_a_delta)
                perturbed_cell_b = cell_params[1] * torch.exp(log_cell_b_delta)
                perturbed_cell_c = cell_params[2] * torch.exp(log_cell_c_delta)
    
                # 2. Unit cell angles (bounded via tanh, max perturbation ±10°)
                max_angle_delta = 10.0  # degrees
                perturbed_alpha = cell_params[3] + torch.tanh(angle_alpha_raw) * max_angle_delta
                perturbed_beta = cell_params[4] + torch.tanh(angle_beta_raw) * max_angle_delta
                perturbed_gamma = cell_params[5] + torch.tanh(angle_gamma_raw) * max_angle_delta
    
                # 3. Orientation perturbation via quaternion→XYZ misset (TORCH-REFINE-002)
                # Convert 3-vector → unit quaternion → XYZ extrinsic Euler angles (degrees)
                # Per docs/spec-db-workflow.md:30, misset_deg is applied after MOSFLM A* injection
                # Bound magnitude to ±3° by scaling orientation_vec with tanh
                max_orientation_deg = 3.0  # degrees (per input.md pitfalls)
                bounded_orientation_vec = torch.tanh(orientation_vec) * max_orientation_deg * (np.pi / 180.0)  # convert bound to radians for vec magnitude
    
                # Map to unit quaternion, then to XYZ Euler angles
                quat = vec_to_unit_quaternion(bounded_orientation_vec)
                misset_xyz_deg = quaternion_to_xyz_euler(quat)
    
                # Add baseline misset from perturbed geometry if provided (TORCH-REFINE-002D)
                # This plumbs the deterministic perturbation through the refinement path
                # so the smoke test can exercise orientation recovery with nearest-neighbor HKL
                if baseline_misset_deg_tensor is not None:
                    misset_xyz_deg = misset_xyz_deg + baseline_misset_deg_tensor
    
                # Create crystal config with all cell parameter overrides + misset
                # Note: create_crystal_config returns (config, n_cells_applied) tuple
                crystal_overrides = {
                    'cell_a': perturbed_cell_a,
                    'cell_b': perturbed_cell_b,
                    'cell_c': perturbed_cell_c,
                    'cell_alpha': perturbed_alpha,
                    'cell_beta': perturbed_beta,
                    'cell_gamma': perturbed_gamma
                }
                crystal_config, _ = create_crystal_config(
                    crystal, None,
                    crystal_overrides=crystal_overrides,
                    misset_deg_override=misset_xyz_deg
                )
    
                # Build detector and crystal models
                detector_model = Detector(detector_config)
                crystal_model = Crystal(crystal_config)
    
                # HKL interpolation control (TORCH-REFINE-002D, REFINE-005)
                # Defaults to nearest-neighbor (False) unless explicitly enabled via config
                # Tricubic interpolation requires halo-padded grid to avoid default_F fallback
                crystal_model.interpolate = config.enable_hkl_interpolation
    
                # Attach HKL data
                crystal_model.hkl_data = hkl_grid.to(device=device, dtype=dtype)
                crystal_model.hkl_metadata = hkl_metadata
    
                # Run simulator
                simulator = Simulator(detector=detector_model, crystal=crystal_model)
                panel_bragg = simulator.run()  # [slow, fast]
    
                bragg_panels.append(panel_bragg)
    
            # Stack panels and apply global scale
            bragg_stacked = torch.stack(bragg_panels, dim=0)  # [n_sampled, slow, fast]
            # Clamp log_scale before exp to prevent overflow/NaN gradients (per REFINE-001)
            # Range [-10, 10] → scale in [4.5e-5, 22026], balanced for stability vs exploration
            log_scale_clamped = torch.clamp(log_scale, min=-10.0, max=10.0)
            bragg_scaled = bragg_stacked * torch.exp(log_scale_clamped)
    
            # Extract corresponding target and mask slices
            target_subset = target_t[panel_ids]
            mask_subset = loss_mask_t[panel_ids]
    
            # Masked MSE
            masked_diff = torch.where(mask_subset, bragg_scaled - target_subset, torch.tensor(0.0, device=device, dtype=dtype))
            loss = (masked_diff ** 2).sum() / mask_subset.sum()
    
            return loss
    
        def closure():
            """LBFGS closure: recompute loss and gradients."""
            optimizer.zero_grad()
    
            # Compute loss on sampled ROIs
            loss = compute_loss(sampled_panel_ids, is_full=False)
    
            # Backward pass
            loss.backward()
    
            # Check for NaN/Inf gradients
            for p in params:
                if p.grad is not None and (torch.isnan(p.grad).any() or torch.isinf(p.grad).any()):
                    raise RuntimeError(f"NaN/Inf gradient detected in {p}")
    
            # Record loss
            loss_trace_sample.append(float(loss.item()))
    
            # Periodic full validation
            if iteration_count[0] % config.full_validation_interval == 0:
                with torch.no_grad():
                    full_loss = compute_loss(list(range(n_panels)), is_full=True)
                    loss_trace_full.append((iteration_count[0], float(full_loss.item())))
    
                    # Update best snapshot
                    nonlocal best_loss_full, best_params_snapshot
                    if full_loss.item() < best_loss_full[0]:
                        best_loss_full = (float(full_loss.item()), iteration_count[0])
                        # Compute misset XYZ for snapshot (TORCH-REFINE-002)
                        max_orientation_deg = 3.0
                        bounded_orientation_vec_snap = torch.tanh(orientation_vec) * max_orientation_deg * (np.pi / 180.0)
                        quat_snap = vec_to_unit_quaternion(bounded_orientation_vec_snap)
                        misset_xyz_deg_snap = quaternion_to_xyz_euler(quat_snap)
    
                        best_params_snapshot = {
                            'log_scale': float(log_scale.item()),
                            'log_cell_a_delta': float(log_cell_a_delta.item()),
                            'log_cell_b_delta': float(log_cell_b_delta.item()),
                            'log_cell_c_delta': float(log_cell_c_delta.item()),
                            'angle_alpha_raw': float(angle_alpha_raw.item()),
                            'angle_beta_raw': float(angle_beta_raw.item()),
                            'angle_gamma_raw': float(angle_gamma_raw.item()),
                            'orientation_vec': orientation_vec.detach().cpu().tolist(),
                            'misset_xyz_deg': misset_xyz_deg_snap.detach().cpu().tolist()
                        }
    
            iteration_count[0] += 1
            return loss
    
        # Run LBFGS optimization
        status = "ok"
        message = ""
    
        try:
            optimizer.step(closure)
    
            # Final full validation
            with torch.no_grad():
                final_loss = compute_loss(list(range(n_panels)), is_full=True)
                loss_trace_full.append((iteration_count[0], float(final_loss.item())))
    
                if final_loss.item() < best_loss_full[0]:
                    best_loss_full = (float(final_loss.item()), iteration_count[0])
                    # Compute misset XYZ for final snapshot (TORCH-REFINE-002)
                    max_orientation_deg = 3.0
                    bounded_orientation_vec_final = torch.tanh(orientation_vec) * max_orientation_deg * (np.pi / 180.0)
                    quat_final = vec_to_unit_quaternion(bounded_orientation_vec_final)
                    misset_xyz_deg_final = quaternion_to_xyz_euler(quat_final)
    
                    best_params_snapshot = {
                        'log_scale': float(log_scale.item()),
                        'log_cell_a_delta': float(log_cell_a_delta.item()),
                        'log_cell_b_delta': float(log_cell_b_delta.item()),
                        'log_cell_c_delta': float(log_cell_c_delta.item()),
                        'angle_alpha_raw': float(angle_alpha_raw.item()),
                        'angle_beta_raw': float(angle_beta_raw.item()),
                        'angle_gamma_raw': float(angle_gamma_raw.item()),
                        'orientation_vec': orientation_vec.detach().cpu().tolist(),
                        'misset_xyz_deg': misset_xyz_deg_final.detach().cpu().tolist()
                    }
    
            # Check convergence: did we achieve ≥0.2% improvement?
            if len(loss_trace_full) > 0:
                initial_loss = loss_trace_full[0][1]
                final_loss_val = loss_trace_full[-1][1]
                improvement = (initial_loss - final_loss_val) / initial_loss
    
                if improvement < config.min_loss_improvement:
                    status = "early_stop"
                    message = f"Improvement {improvement:.2%} < {config.min_loss_improvement:.2%} (Stage A gate calibrated per TORCH-REFINE-002D)"
    
        except Exception as e:
            status = "error"
            message = str(e)
            # Use best snapshot if available
            if best_params_snapshot is not None:
                log_scale.data = torch.tensor(best_params_snapshot['log_scale'], device=device, dtype=dtype)
                log_cell_a_delta.data = torch.tensor(best_params_snapshot['log_cell_a_delta'], device=device, dtype=dtype)
                log_cell_b_delta.data = torch.tensor(best_params_snapshot['log_cell_b_delta'], device=device, dtype=dtype)
                log_cell_c_delta.data = torch.tensor(best_params_snapshot['log_cell_c_delta'], device=device, dtype=dtype)
                angle_alpha_raw.data = torch.tensor(best_params_snapshot['angle_alpha_raw'], device=device, dtype=dtype)
                angle_beta_raw.data = torch.tensor(best_params_snapshot['angle_beta_raw'], device=device, dtype=dtype)
                angle_gamma_raw.data = torch.tensor(best_params_snapshot['angle_gamma_raw'], device=device, dtype=dtype)
                orientation_vec.data = torch.tensor(best_params_snapshot['orientation_vec'], device=device, dtype=dtype)
    
        # Generate final Bragg array with optimized parameters
        with torch.no_grad():
            bragg_full = np.zeros((n_panels, *panel_shape), dtype=np.float32)
    
            for pid in range(n_panels):
                panel = detector[pid]
    
                detector_config = create_detector_config(
                    panel=panel,
                    beam=beam,
                    trusted_mask=inputs.trusted_mask[pid]
                )
    
                # Convert mask_array to torch.Tensor if it's a numpy array
                # Per dbex/nanobrag_bridge.py:998-1004, nanobrag_torch Simulator
                # expects torch.Tensor for mask_array
                if detector_config.mask_array is not None and not isinstance(detector_config.mask_array, torch.Tensor):
                    detector_config.mask_array = torch.tensor(
                        detector_config.mask_array, dtype=torch.float32, device=device
                    )
    
                beam_config = create_beam_config(beam)
    
                # Apply final full crystal perturbations via tensor overrides (GRADIENT-001, TORCH-REFINE-002)
                cell_params = crystal.get_unit_cell().parameters()
    
                # 1. Unit cell lengths (log-parameterized)
                perturbed_cell_a = cell_params[0] * torch.exp(log_cell_a_delta)
                perturbed_cell_b = cell_params[1] * torch.exp(log_cell_b_delta)
                perturbed_cell_c = cell_params[2] * torch.exp(log_cell_c_delta)
    
                # 2. Unit cell angles (bounded via tanh)
                max_angle_delta = 10.0  # degrees
                perturbed_alpha = cell_params[3] + torch.tanh(angle_alpha_raw) * max_angle_delta
                perturbed_beta = cell_params[4] + torch.tanh(angle_beta_raw) * max_angle_delta
                perturbed_gamma = cell_params[5] + torch.tanh(angle_gamma_raw) * max_angle_delta
    
                # 3. Orientation perturbation via quaternion→XYZ misset (TORCH-REFINE-002)
                max_orientation_deg = 3.0  # degrees
                bounded_orientation_vec = torch.tanh(orientation_vec) * max_orientation_deg * (np.pi / 180.0)
                quat = vec_to_unit_quaternion(bounded_orientation_vec)
                misset_xyz_deg = quaternion_to_xyz_euler(quat)
    
                # Add baseline misset from perturbed geometry if provided (TORCH-REFINE-002D)
                if baseline_misset_deg_tensor is not None:
                    misset_xyz_deg = misset_xyz_deg + baseline_misset_deg_tensor
    
                crystal_overrides = {
                    'cell_a': perturbed_cell_a,
                    'cell_b': perturbed_cell_b,
                    'cell_c': perturbed_cell_c,
                    'cell_alpha': perturbed_alpha,
                    'cell_beta': perturbed_beta,
                    'cell_gamma': perturbed_gamma
                }
                crystal_config, _ = create_crystal_config(
                    crystal, None,
                    crystal_overrides=crystal_overrides,
                    misset_deg_override=misset_xyz_deg
                )
    
                detector_model = Detector(detector_config)
                crystal_model = Crystal(crystal_config)
    
                # HKL interpolation control (TORCH-REFINE-002D, REFINE-005)
                # Defaults to nearest-neighbor (False) unless explicitly enabled via config
                # Tricubic interpolation requires halo-padded grid to avoid default_F fallback
                crystal_model.interpolate = config.enable_hkl_interpolation
    
                crystal_model.hkl_data = hkl_grid.to(device=device, dtype=dtype)
                crystal_model.hkl_metadata = hkl_metadata
    
                simulator = Simulator(detector=detector_model, crystal=crystal_model)
                panel_bragg = simulator.run()
    
                # Apply optimized scale (with same clamping as in compute_loss)
                log_scale_clamped = torch.clamp(log_scale, min=-10.0, max=10.0)
                panel_bragg_scaled = panel_bragg * torch.exp(log_scale_clamped)
                bragg_full[pid] = panel_bragg_scaled.cpu().numpy().astype(np.float32)
    
        # Assemble telemetry
        param_deltas = {
            'log_scale': {
                'initial': initial_log_scale,
                'final': float(log_scale.item()),
                'delta': float(log_scale.item()) - initial_log_scale
            },
            'log_cell_a_delta': {
                'initial': 0.0,
                'final': float(log_cell_a_delta.item()),
                'delta': float(log_cell_a_delta.item())
            },
            'log_cell_b_delta': {
                'initial': 0.0,
                'final': float(log_cell_b_delta.item()),
                'delta': float(log_cell_b_delta.item())
            },
            'log_cell_c_delta': {
                'initial': 0.0,
                'final': float(log_cell_c_delta.item()),
                'delta': float(log_cell_c_delta.item())
            },
            'angle_alpha_raw': {
                'initial': 0.0,
                'final': float(angle_alpha_raw.item()),
                'delta': float(angle_alpha_raw.item())
            },
            'angle_beta_raw': {
                'initial': 0.0,
                'final': float(angle_beta_raw.item()),
                'delta': float(angle_beta_raw.item())
            },
            'angle_gamma_raw': {
                'initial': 0.0,
                'final': float(angle_gamma_raw.item()),
                'delta': float(angle_gamma_raw.item())
            },
            'orientation_vec': {
                'initial': [0.0, 0.0, 0.0],
                'final': orientation_vec.detach().cpu().tolist(),
                'delta': orientation_vec.detach().cpu().tolist(),
                'norm': float(orientation_vec.norm().item())
            }
        }
    
        # Compute final misset XYZ degrees for telemetry (TORCH-REFINE-002)
        # This surfaces the actual rotation applied to the crystal
        with torch.no_grad():
            max_orientation_deg = 3.0
            bounded_orientation_vec_final = torch.tanh(orientation_vec) * max_orientation_deg * (np.pi / 180.0)
            quat_final = vec_to_unit_quaternion(bounded_orientation_vec_final)
            misset_xyz_deg_final = quaternion_to_xyz_euler(quat_final)
    
            # Add baseline misset from perturbed geometry if provided (TORCH-REFINE-002D)
            if baseline_misset_deg_tensor is not None:
                misset_xyz_deg_final_total = misset_xyz_deg_final + baseline_misset_deg_tensor
                initial_misset = baseline_misset_deg_tensor.cpu().tolist()
            else:
                misset_xyz_deg_final_total = misset_xyz_deg_final
                initial_misset = [0.0, 0.0, 0.0]
    
            # Add misset telemetry
            param_deltas['misset_xyz_deg'] = {
                'initial': initial_misset,
                'final': misset_xyz_deg_final_total.cpu().tolist(),
                'delta': misset_xyz_deg_final.cpu().tolist(),  # Delta from LBFGS optimization (excluding baseline)
                'quaternion_norm': float(quat_final.norm().item())
            }
    
        telemetry_a = RefinementTelemetry(
            optimizer="LBFGS",
            stage="A",
            history_size=config.history_size,
            max_iter=config.max_iter,
            tolerance_grad=config.tolerance_grad,
            tolerance_change=config.tolerance_change,
            roi_sample_fraction=config.roi_sample_fraction,
            roi_count_sampled=len(sampled_panel_ids),
            roi_count_total=n_panels,
            loss_trace_sample=loss_trace_sample,
            loss_trace_full=loss_trace_full,
            best_loss_full=best_loss_full,
            param_deltas=param_deltas,
            status=status,
            message=message
        )
    
        telemetry_dict = {"A": telemetry_a}
    
        # ============================================================================
        # Stage B: Structure factor shell modifiers (optional Fhkl refinement)
        # ============================================================================
        if config.enable_stage_b:
            # Guard: Stage B requires halo-padded HKL grid and interpolation enabled (REFINE-005)
            if not hkl_metadata.get("has_halo", False):
                raise RuntimeError(
                    "Stage B requires halo-padded HKL grid (hkl_metadata['has_halo']=True). "
                    "Rebuild structure factor grid with build_structure_factor_grid(..., halo=True) "
                    "and set config.enable_hkl_interpolation=True before enabling Stage B."
                )
    
            if not config.enable_hkl_interpolation:
                raise RuntimeError(
                    "Stage B requires tricubic HKL interpolation (config.enable_hkl_interpolation=True). "
                    "Set this flag before enabling Stage B to prevent default_F fallback and gradient loss."
                )
    
            # Freeze Stage A parameters (no grad)
            for p in params:
                p.requires_grad = False
    
            # Compute shell lookup for per-shell modifiers
            shell_indices, shell_edges = compute_hkl_shell_lookup(
                crystal, hkl_metadata, n_shells=config.stage_b_n_shells, device=device, dtype=dtype
            )
    
            # Initialize shell modifiers (softplus parameterization to keep multipliers positive)
            # Start near identity: softplus(0) ≈ 0.69, so initialize slightly negative to get ~1.0
            shell_modifier_raw = torch.zeros(config.stage_b_n_shells, device=device, dtype=dtype, requires_grad=True)
            shell_modifier_raw.data.fill_(-0.5)  # softplus(-0.5) ≈ 0.474 → after scaling ~1.0
    
            stage_b_params = [shell_modifier_raw]
    
            # Setup LBFGS optimizer for Stage B
            stage_b_optimizer = torch.optim.LBFGS(
                stage_b_params,
                history_size=config.history_size,
                max_iter=config.max_iter,
                tolerance_grad=config.tolerance_grad,
                tolerance_change=config.tolerance_change,
                line_search_fn='strong_wolfe'
            )
    
            # Telemetry accumulators for Stage B
            loss_trace_sample_b = []
            loss_trace_full_b = []
            best_loss_full_b = (float('inf'), 0)
            best_params_snapshot_b = {'shell_modifier_raw': shell_modifier_raw.data.clone()}
    
            # Track default_F fallback count (should be zero with halo grid)
            # Note: nanobrag_torch doesn't expose default_F counter directly; this is a placeholder
            # for future telemetry when the API exposes it
            default_f_fallback_count = 0
    
            def compute_loss_stage_b(panel_ids: List[int], is_full: bool = False) -> torch.Tensor:
                """
                Compute masked MSE loss with Stage B shell-modified structure factors.
    
                Uses Stage A's final crystal parameters (frozen) and varies per-shell Fhkl multipliers.
                """
                # Apply softplus to get positive modifiers, then scale to ~1.0 at initialization
                # softplus(x) = log(1 + exp(x)); at x=-0.5, softplus ≈ 0.474
                # Scale by 2.0 to get ~1.0 near identity
                shell_modifiers = torch.nn.functional.softplus(shell_modifier_raw) * 2.0
    
                # Clamp to config.stage_b_max_modifier (e.g., 2.0) to prevent explosion
                shell_modifiers = torch.clamp(shell_modifiers, max=config.stage_b_max_modifier)
    
                # Build modified HKL grid by applying shell modifiers to a copy
                # hkl_grid_modified[h,k,l] = hkl_grid[h,k,l] * shell_modifiers[shell_indices[h,k,l]]
                hkl_grid_modified = hkl_grid.clone()
                for shell_idx in range(config.stage_b_n_shells):
                    mask = (shell_indices == shell_idx)
                    hkl_grid_modified[mask] = hkl_grid[mask] * shell_modifiers[shell_idx]
    
                # Simulate with modified HKL grid (crystal config uses Stage A final params)
                from nanobrag_torch import Simulator
                from dbex.nanobrag_bridge import create_crystal_config, create_detector_config, create_beam_config
    
                # Re-create crystal config with Stage A final parameters
                crystal_overrides = {
                    'cell_a': cell_a_tensor,
                    'cell_b': cell_b_tensor,
                    'cell_c': cell_c_tensor,
                    'cell_alpha': cell_alpha_tensor,
                    'cell_beta': cell_beta_tensor,
                    'cell_gamma': cell_gamma_tensor
                }
    
                crystal_config, _ = create_crystal_config(
                    crystal, device=device, dtype=dtype,
                    crystal_overrides=crystal_overrides,
                    apply_n_cells=False  # Stage B doesn't change N_cells
                )
    
                # Apply Stage A final misset (baseline + optimization delta)
                total_misset_deg = baseline_misset_deg_tensor + misset_xyz_deg
                crystal_config.misset_deg = total_misset_deg
    
                # Enable interpolation for Stage B (required per REFINE-005)
                from nanobrag_torch.models.crystal import Crystal as TorchCrystal
                crystal_model = TorchCrystal(crystal_config, hkl_grid_modified)
                crystal_model.interpolate = True  # Must be True for Stage B
    
                # Simulate per-panel and accumulate loss
                loss_accum = torch.tensor(0.0, device=device, dtype=dtype)
                n_pixels_accum = 0
    
                for pid in panel_ids:
                    # Create detector config for this panel
                    panel = detector[pid]
                    beam_config = create_beam_config(beam, device=device, dtype=dtype)
                    detector_config = create_detector_config(panel, beam, device=device, dtype=dtype)
    
                    # Simulate
                    sim = Simulator(detector_config, beam_config, device=str(device))
                    bragg_panel = sim.generate_image_vectorized(crystal_model)
    
                    # Extract target/mask for this panel
                    panel_slice = inputs.panel_slices[pid]
                    target_panel = inputs.target_tensor[panel_slice]
                    loss_mask_panel = inputs.loss_mask[panel_slice]
    
                    # Apply global scale (Stage A final)
                    scale = torch.exp(log_scale)
                    bragg_scaled = scale * bragg_panel
    
                    # Masked MSE
                    diff = bragg_scaled - target_panel
                    loss_panel = (diff[loss_mask_panel] ** 2).sum()
                    n_pixels = int(loss_mask_panel.sum().item())
    
                    loss_accum = loss_accum + loss_panel
                    n_pixels_accum += n_pixels
    
                # Normalize by pixel count
                if n_pixels_accum > 0:
                    loss = loss_accum / n_pixels_accum
                else:
                    loss = loss_accum
    
                return loss
    
            def closure_stage_b():
                """LBFGS closure for Stage B shell modifier refinement."""
                stage_b_optimizer.zero_grad()
    
                # Sample ROIs for efficiency
                panel_ids = roi_sampler()
                loss = compute_loss_stage_b(panel_ids, is_full=False)
    
                loss.backward()
    
                # Gradient NaN/Inf guard
                for p in stage_b_params:
                    if p.grad is not None and (torch.isnan(p.grad).any() or torch.isinf(p.grad).any()):
                        raise RuntimeError(f"NaN/Inf gradient detected in Stage B parameter {p}")
    
                # Record loss
                loss_trace_sample_b.append(float(loss.item()))
    
                # Periodic full validation
                if len(loss_trace_sample_b) % config.full_validation_interval == 0:
                    with torch.no_grad():
                        loss_full = compute_loss_stage_b(list(range(n_panels)), is_full=True)
                        loss_trace_full_b.append((len(loss_trace_sample_b), float(loss_full.item())))
    
                        # Update best snapshot
                        if loss_full.item() < best_loss_full_b[0]:
                            best_loss_full_b = (float(loss_full.item()), len(loss_trace_sample_b))
                            best_params_snapshot_b['shell_modifier_raw'] = shell_modifier_raw.data.clone()
    
                return loss
    
            # Run Stage B LBFGS optimization
            status_b = "ok"
            message_b = ""
            try:
                stage_b_optimizer.step(closure_stage_b)
    
                # Check convergence: did we achieve ≥3% improvement on top of Stage A?
                if len(loss_trace_full_b) > 0:
                    # Stage A's final loss is the initial loss for Stage B
                    stage_a_final_loss = best_loss_full[0]
                    stage_b_final_loss = loss_trace_full_b[-1][1]
                    improvement_b = (stage_a_final_loss - stage_b_final_loss) / stage_a_final_loss
    
                    if improvement_b < config.stage_b_min_loss_improvement:
                        status_b = "early_stop"
                        message_b = f"Stage B improvement {improvement_b:.4%} < {config.stage_b_min_loss_improvement:.4%} (≥3% gate per TORCH-REFINE-004)"
    
            except Exception as e:
                status_b = "error"
                message_b = f"Stage B error: {str(e)}"
                # Restore best snapshot
                if best_loss_full_b[0] < float('inf'):
                    shell_modifier_raw.data = torch.tensor(best_params_snapshot_b['shell_modifier_raw'], device=device, dtype=dtype)
    
            # Update bragg_full with Stage B result (using best params)
            with torch.no_grad():
                # Apply best shell modifiers
                shell_modifiers_final = torch.nn.functional.softplus(shell_modifier_raw) * 2.0
                shell_modifiers_final = torch.clamp(shell_modifiers_final, max=config.stage_b_max_modifier)
    
                hkl_grid_modified = hkl_grid.clone()
                for shell_idx in range(config.stage_b_n_shells):
                    mask = (shell_indices == shell_idx)
                    hkl_grid_modified[mask] = hkl_grid[mask] * shell_modifiers_final[shell_idx]
    
                # Generate final Bragg array with Stage B modifiers
                bragg_full_stage_b = np.zeros((n_panels, *panel_shape), dtype=np.float32)
    
                for pid in range(n_panels):
                    panel = detector[pid]
>                   beam_config = create_beam_config(beam, device=device, dtype=dtype)
E                   TypeError: create_beam_config() got an unexpected keyword argument 'device'

dbex/nanobrag_refinement.py:1061: TypeError
----------------------------- Captured stdout call -----------------------------
auto-selected 1-fold oversampling
[HKL stats] h=[-16,22] k=[-22,22] l=[0,14] hit_rate=6132536/6224001 (98.53%)
auto-selected 1-fold oversampling
[HKL stats] h=[-16,22] k=[-22,22] l=[0,14] hit_rate=6132536/6224001 (98.53%)
auto-selected 1-fold oversampling
[HKL stats] h=[-16,22] k=[-22,22] l=[0,14] hit_rate=6132536/6224001 (98.53%)
auto-selected 1-fold oversampling
[HKL stats] h=[-16,22] k=[-22,22] l=[0,14] hit_rate=6132527/6224001 (98.53%)
auto-selected 1-fold oversampling
[HKL stats] h=[-16,22] k=[-22,22] l=[0,14] hit_rate=6132528/6224001 (98.53%)
auto-selected 1-fold oversampling
[HKL stats] h=[-16,22] k=[-22,22] l=[0,14] hit_rate=6132529/6224001 (98.53%)
auto-selected 1-fold oversampling
[HKL stats] h=[-16,22] k=[-22,22] l=[0,14] hit_rate=6132529/6224001 (98.53%)
auto-selected 1-fold oversampling
[HKL stats] h=[-16,22] k=[-22,22] l=[0,14] hit_rate=6132529/6224001 (98.53%)
auto-selected 1-fold oversampling
[HKL stats] h=[-16,22] k=[-22,22] l=[0,14] hit_rate=6132529/6224001 (98.53%)
auto-selected 1-fold oversampling
[HKL stats] h=[-16,22] k=[-22,22] l=[0,14] hit_rate=6132820/6224001 (98.54%)
auto-selected 1-fold oversampling
[HKL stats] h=[-16,22] k=[-22,22] l=[0,14] hit_rate=6132529/6224001 (98.53%)
auto-selected 1-fold oversampling
[HKL stats] h=[-16,22] k=[-22,22] l=[0,14] hit_rate=6132532/6224001 (98.53%)
auto-selected 1-fold oversampling
[HKL stats] h=[-16,22] k=[-22,22] l=[0,14] hit_rate=6132529/6224001 (98.53%)
auto-selected 1-fold oversampling
[HKL stats] h=[-16,22] k=[-22,22] l=[0,14] hit_rate=6132529/6224001 (98.53%)
auto-selected 1-fold oversampling
[HKL stats] h=[-16,22] k=[-22,22] l=[0,14] hit_rate=6132529/6224001 (98.53%)
auto-selected 1-fold oversampling
[HKL stats] h=[-16,22] k=[-22,22] l=[0,14] hit_rate=6132529/6224001 (98.53%)
auto-selected 1-fold oversampling
[HKL stats] h=[-16,22] k=[-22,22] l=[0,14] hit_rate=6132529/6224001 (98.53%)
auto-selected 1-fold oversampling
[HKL stats] h=[-16,22] k=[-22,22] l=[0,14] hit_rate=6132529/6224001 (98.53%)
auto-selected 1-fold oversampling
[HKL stats] h=[-16,22] k=[-22,22] l=[0,14] hit_rate=6132529/6224001 (98.53%)
=============================== warnings summary ===============================
tests/dbex/test_torch_refine_smoke.py::test_stage_b_shell_modifiers
  <frozen importlib._bootstrap>:228: DeprecationWarning: builtin type SwigPyPacked has no __module__ attribute

tests/dbex/test_torch_refine_smoke.py::test_stage_b_shell_modifiers
  <frozen importlib._bootstrap>:228: DeprecationWarning: builtin type SwigPyObject has no __module__ attribute

tests/dbex/test_torch_refine_smoke.py::test_stage_b_shell_modifiers
  <frozen importlib._bootstrap>:228: DeprecationWarning: builtin type swigvarlink has no __module__ attribute

tests/dbex/test_torch_refine_smoke.py::test_stage_b_shell_modifiers
  /home/ollie/miniconda3/envs/simtbx/lib/python3.9/site-packages/dials/extensions/__init__.py:3: UserWarning: pkg_resources is deprecated as an API. See https://setuptools.pypa.io/en/latest/pkg_resources.html. The pkg_resources package is slated for removal as early as 2025-11-30. Refrain from using this package or pin to Setuptools<81.
    import pkg_resources

-- Docs: https://docs.pytest.org/en/stable/how-to/capture-warnings.html
=========================== short test summary info ============================
FAILED tests/dbex/test_torch_refine_smoke.py::test_stage_b_shell_modifiers - ...
!!!!!!!!!!!!!!!!!!!!!!!!!! stopping after 1 failures !!!!!!!!!!!!!!!!!!!!!!!!!!!
================== 1 failed, 4 warnings in 183.92s (0:03:03) ===================
