============================= test session starts ==============================
platform linux -- Python 3.9.23, pytest-8.4.2, pluggy-1.6.0 -- /home/ollie/miniconda3/envs/simtbx/bin/python3.9
cachedir: .pytest_cache
rootdir: /home/ollie/Documents/diffbragg_example_2/diffbragg_example
configfile: pyproject.toml
plugins: cov-7.0.0
collecting ... collected 1 item

tests/dbex/test_torch_refine_smoke.py::test_stage_b_per_reflection_smoke FAILED [100%]

=================================== FAILURES ===================================
______________________ test_stage_b_per_reflection_smoke _______________________

refgeom_dataload = <dbex.data_load.DataLoad object at 0x7f92f0f30940>
refinement_inputs = RefinementInputs(target=array([[[0., 0., 0., ..., 0., 0., 0.],
        [0., 0., 0., ..., 0., 0., 0.],
        [0., 0.,...0.]]], dtype=float32), target_representation='adu', global_scale_hint=86.34794146217338, sigma_readout_provenance=None)
hkl_data = (tensor([[[0., 0., 0.,  ..., 0., 0., 0.],
         [0., 0., 0.,  ..., 0., 0., 0.],
         [0., 0., 0.,  ..., 0., 0.,...   space_group_symbol="P 1"
  ), 'grid_max': 518.3336791992188, 'grid_mean': 16.896526336669922, 'grid_min': 0.0, ...})
smoke_detector_size = 'small', smoke_sigma_source = 'cli_override'

    @pytest.mark.allow_metadata_sigma
    def test_stage_b_per_reflection_smoke(
        refgeom_dataload,
        refinement_inputs,
        hkl_data,
        smoke_detector_size,
        smoke_sigma_source,
    ):
        """
        Validate Stage B per-reflection mode with ASU-based modifiers (Phase 7).
    
        Exit Criteria:
        - Telemetry includes ASU mode-specific fields (n_asu_unique, optimizer_type, asu_modifier_stats)
        - Optimizer selection validates correctly (P1 fixture ~35K ASU → Adam expected)
        - Gradient flow verified (modifier stats change from initial ~1.0)
        - Stage B improves upon Stage A (chi² reduction ≥0.01%)
        - Stage A/B both converge (status="converged" or "ok" or "early_stop")
    
        Mode: TDD (test-first), per-reflection default not yet enforced (Phase 8)
        Fixture: refGeom_small (29 ROIs, P1 space group ~35K unique ASU)
        Runtime: ~25-35s (Stage A + Stage B with small detector)
    
        Findings applied:
        - RUNTIME-001: Run with NANOBRAGG_DISABLE_COMPILE=1
        - CONFORMANCE-001: Requires KMP_DUPLICATE_LIB_OK=TRUE
        - REFINE-005: Halo-padded HKL grid mandatory
        - spec:59/60/61: Per-reflection SHALL be default, shell mode fallback permitted, halo mandatory
        - spec:107: Adam optimizer permitted for large parameter counts
        """
        import os
        import pytest
        import torch
        from dbex.nanobrag_refinement import run_nanobrag_refinement, RefinementConfig
    
        if os.getenv("AUTHORITATIVE_CMDS_DOC") != "./docs/TESTING_GUIDE.md":
            pytest.skip("Requires AUTHORITATIVE_CMDS_DOC=./docs/TESTING_GUIDE.md")
    
        print(f"\n[test_stage_b_per_reflection_smoke] detector={smoke_detector_size}")
    
        # CPU fallback blocked (same as shell mode test)
        if smoke_detector_size == "full":
            pytest.skip("CPU fallback blocked by HKL grid transfer corruption (GRADIENT-003)")
    
        DL = refgeom_dataload
        hkl_grid, hkl_metadata = hkl_data
    
        # Guard: Stage B requires halo-padded HKL grid (REFINE-005)
        assert hkl_metadata["has_halo"], (
            "Stage B smoke test requires halo-padded HKL grid per TORCH-REFINE-004."
        )
    
        # Phase 8: Inject crystal_symmetry and build 4D HKL indices grid for per-reflection ASU mapping
        # Per input.md fixture fix pattern: P1 space group with unit_cell from fixture
        from cctbx import crystal as cctbx_crystal
        import numpy as np
    
        # Extract unit cell from dxtbx crystal (matches fixture: 79,79,38,90,90,90)
        dxtbx_crystal = DL.crystal
        unit_cell_params = dxtbx_crystal.get_unit_cell().parameters()
    
        crystal_symmetry = cctbx_crystal.symmetry(
            unit_cell=unit_cell_params,
            space_group_symbol="P1"
        )
        hkl_metadata["crystal_symmetry"] = crystal_symmetry
    
        # Build 4D HKL indices grid (h_range, k_range, l_range, 3)
        # Extract grid bounds from metadata
        h_min, h_max = hkl_metadata["h_min"], hkl_metadata["h_max"]
        k_min, k_max = hkl_metadata["k_min"], hkl_metadata["k_max"]
        l_min, l_max = hkl_metadata["l_min"], hkl_metadata["l_max"]
    
        # Create coordinate arrays
        h_coords = np.arange(h_min, h_max + 1, dtype=np.int32)
        k_coords = np.arange(k_min, k_max + 1, dtype=np.int32)
        l_coords = np.arange(l_min, l_max + 1, dtype=np.int32)
    
        # Build meshgrid and stack into 4D array
        h_grid, k_grid, l_grid = np.meshgrid(h_coords, k_coords, l_coords, indexing='ij')
        hkl_indices_grid = np.stack([h_grid, k_grid, l_grid], axis=-1)  # (h_range, k_range, l_range, 3)
    
        # Store in metadata for compute_hkl_asu_map
        hkl_metadata["hkl_indices_grid"] = hkl_indices_grid
    
        # Refinement config: enable Stage B with per-reflection mode
        sigma_provenance = "external_lookup" if smoke_sigma_source == "metadata" else "cli_override"
        enable_roi = smoke_detector_size != "full"
    
        config = RefinementConfig(
            max_iter=30,
            min_loss_improvement=0.0,
            enable_hkl_interpolation=True,  # Required for Stage B (REFINE-005)
            enable_stage_b=True,
            stage_b_mode="per_reflection",  # Phase 7 new mode
            enable_stage_c=False,
            enable_stage_a_roi_mode=enable_roi,
            device="cuda:0" if torch.cuda.is_available() else "cpu",
            dtype=torch.float32,
            sigma_readout_provenance=sigma_provenance,
            enable_stage_a_warm_cache=False,  # Cold mode for determinism (PERF-WARM-001)
        )
    
        # Run refinement (Stage A + Stage B with per-reflection mode)
>       bragg_refined, telemetry_dict = run_nanobrag_refinement(
            inputs=refinement_inputs,
            detector=DL.detector,
            beam=DL.beam,
            crystal=DL.crystal,
            hkl_grid=hkl_grid,
            hkl_metadata=hkl_metadata,
            config=config,
            baseline_crystal=DL.crystal,
            baseline_detector=DL.detector,
            use_engine_delegation=True
        )

tests/dbex/test_torch_refine_smoke.py:1619: 
_ _ _ _ _ _ _ _ _ _ _ _ _ _ _ _ _ _ _ _ _ _ _ _ _ _ _ _ _ _ _ _ _ _ _ _ _ _ _ _ 
dbex/nanobrag_refinement.py:4399: in run_nanobrag_refinement
    bragg_full = _build_final_bragg_from_stage_b_telemetry(
_ _ _ _ _ _ _ _ _ _ _ _ _ _ _ _ _ _ _ _ _ _ _ _ _ _ _ _ _ _ _ _ _ _ _ _ _ _ _ _ 

telemetry_a = RefinementTelemetry(optimizer='LBFGS', stage='A', history_size=10, max_iter=30, tolerance_grad=1e-07, tolerance_change...5], roi_mode='panel', stage_type='stage_a', mode=None, engine_protocol=None, stage_modes=None, telemetry_version='1.0')
telemetry_b = {'best_loss_full': (57020236.0, 1), 'canonical_chi_squared': 55366028.0, 'canonical_chi_squared_iteration': 16, 'canonical_detector_distances_mm': [231.27645547762575], ...}
detector = <dxtbx_model_ext.Detector object at 0x7f92fd6bbc80>
beam = <dxtbx_model_ext.Beam object at 0x7f92fd6bbc10>
crystal = <dxtbx_model_ext.MosaicCrystalSauter2014 object at 0x7f92fd62e7c0>
baseline_crystal = <dxtbx_model_ext.MosaicCrystalSauter2014 object at 0x7f92fd62e7c0>
inputs = RefinementInputs(target=array([[[0., 0., 0., ..., 0., 0., 0.],
        [0., 0., 0., ..., 0., 0., 0.],
        [0., 0.,...0.]]], dtype=float32), target_representation='adu', global_scale_hint=86.34794146217338, sigma_readout_provenance=None)
hkl_grid = tensor([[[0., 0., 0.,  ..., 0., 0., 0.],
         [0., 0., 0.,  ..., 0., 0., 0.],
         [0., 0., 0.,  ..., 0., 0., ... ..., 0., 0., 0.],
         [0., 0., 0.,  ..., 0., 0., 0.],
         [0., 0., 0.,  ..., 0., 0., 0.]]], device='cuda:0')
hkl_metadata = {'crystal_symmetry': crystal.symmetry(
    unit_cell=(27.37583892, 32.0657993, 34.46635719, 88.76861581, 71.63000659, ...    space_group_symbol="P 1"
  ), 'grid_max': 518.3336791992188, 'grid_mean': 16.896526336669922, 'grid_min': 0.0, ...}
config = RefinementConfig(history_size=10, max_iter=30, tolerance_grad=1e-07, tolerance_change=1e-09, roi_sample_fraction=0.15,...ce='cli_override', sigma_readout_reference_value=None, telemetry_output_dir=None, device='cuda:0', dtype=torch.float32)
device = device(type='cpu'), dtype = torch.float32
use_stage_b_cpu_fallback = True, stage_a_ctx = None

    def _build_final_bragg_from_stage_b_telemetry(
        telemetry_a,
        telemetry_b,
        detector,
        beam,
        crystal,
        baseline_crystal,
        inputs,
        hkl_grid,
        hkl_metadata,
        config,
        device,
        dtype,
        use_stage_b_cpu_fallback=False,
        stage_a_ctx=None,
    ):
        """
        Build final Bragg array from Stage B telemetry (shell modifiers + Stage A frozen params).
    
        Extracts Stage A frozen parameters and Stage B shell modifiers from telemetry,
        applies modifiers to HKL grid, and regenerates full Bragg image.
    
        Args:
            telemetry_a: RefinementTelemetry instance or dict with Stage A optimized param_deltas
            telemetry_b: RefinementTelemetry instance or dict with Stage B shell modifiers
            detector: dxtbx Detector object
            beam: dxtbx Beam object
            crystal: dxtbx Crystal object
            baseline_crystal: Optional baseline dxtbx Crystal object for extracting deterministic
                              misset when `crystal` is perturbed. When provided, computes
                              U_delta = U_perturbed @ U_baseline^{-1} and adds it to the orientation
                              path as a tensor to preserve differentiability. Defaults to None.
            inputs: RefinementInputs with panel_slices, trusted_mask
            hkl_grid: torch.Tensor structure factor grid (unmodified baseline)
            hkl_metadata: dict with grid dimensions
            config: RefinementConfig with device, dtype, Stage B settings
            device: torch.device for tensor operations
            dtype: torch.dtype for tensor operations
            stage_a_ctx: Optional Stage A context (detectors/simulators for warm cache)
    
        Returns:
            bragg_full: np.ndarray, shape [n_panels, slow, fast], final Bragg image with shell modifiers
        """
        # Route device to CPU when CPU fallback is active
        final_device = torch.device("cpu") if use_stage_b_cpu_fallback else device
    
        # Lazy imports to avoid circular dependencies
        from nanobrag_torch.simulator import Simulator
        from nanobrag_torch.models.detector import Detector
        from nanobrag_torch.models.crystal import Crystal
        from dbex.nanobrag_bridge import (
            create_detector_config,
            create_crystal_config,
            compute_baseline_misset_deg,
        )
    
        # Extract param_deltas from telemetry (handle both RefinementTelemetry and dict)
        if hasattr(telemetry_a, 'param_deltas'):
            param_deltas_a = telemetry_a.param_deltas
        else:
            param_deltas_a = telemetry_a['param_deltas']
    
        if hasattr(telemetry_b, 'param_deltas'):
            param_deltas_b = telemetry_b.param_deltas
        else:
            param_deltas_b = telemetry_b['param_deltas']
    
        # Extract Stage A frozen parameters (final values)
        log_scale = torch.tensor(param_deltas_a['log_scale']['final'], device=device, dtype=dtype, requires_grad=False)
        log_cell_a_delta = torch.tensor(param_deltas_a['log_cell_a_delta']['final'], device=device, dtype=dtype, requires_grad=False)
        log_cell_b_delta = torch.tensor(param_deltas_a['log_cell_b_delta']['final'], device=device, dtype=dtype, requires_grad=False)
        log_cell_c_delta = torch.tensor(param_deltas_a['log_cell_c_delta']['final'], device=device, dtype=dtype, requires_grad=False)
        angle_alpha_raw = torch.tensor(param_deltas_a['angle_alpha_raw']['final'], device=device, dtype=dtype, requires_grad=False)
        angle_beta_raw = torch.tensor(param_deltas_a['angle_beta_raw']['final'], device=device, dtype=dtype, requires_grad=False)
        angle_gamma_raw = torch.tensor(param_deltas_a['angle_gamma_raw']['final'], device=device, dtype=dtype, requires_grad=False)
    
        # Extract misset from Stage A (this is the delta, not frozen in Stage B inline code but added to baseline)
        misset_xyz_deg_delta = param_deltas_a['misset_xyz_deg']['delta']
        misset_xyz_deg = torch.tensor(misset_xyz_deg_delta, device=device, dtype=dtype, requires_grad=False)
    
        # Extract shell metadata from Stage B telemetry
        if hasattr(telemetry_b, 'shell_edges'):
            shell_edges = torch.tensor(telemetry_b.shell_edges, device=device, dtype=dtype)
            shell_indices = torch.tensor(telemetry_b.shell_indices, device=device, dtype=torch.long)
            n_shells = telemetry_b.n_shells
        else:
>           shell_edges = torch.tensor(telemetry_b['shell_edges'], device=device, dtype=dtype)
E           KeyError: 'shell_edges'

dbex/nanobrag_refinement.py:4061: KeyError
----------------------------- Captured stdout call -----------------------------

[test_stage_b_per_reflection_smoke] detector=small
auto-selected 1-fold oversampling
[HKL stats] h=[-11,13] k=[-11,12] l=[0,4] hit_rate=1046332/1048576 (99.79%)
auto-selected 1-fold oversampling
[HKL stats] h=[-11,13] k=[-11,12] l=[0,4] hit_rate=1046332/1048576 (99.79%)
auto-selected 1-fold oversampling
[HKL stats] h=[-11,13] k=[-11,12] l=[0,4] hit_rate=1046332/1048576 (99.79%)
auto-selected 1-fold oversampling
[HKL stats] h=[-11,13] k=[-11,12] l=[0,4] hit_rate=1046332/1048576 (99.79%)
auto-selected 1-fold oversampling
[HKL stats] h=[-11,13] k=[-11,12] l=[0,4] hit_rate=1046332/1048576 (99.79%)
auto-selected 1-fold oversampling
[HKL stats] h=[-11,13] k=[-11,12] l=[0,4] hit_rate=1046332/1048576 (99.79%)
auto-selected 1-fold oversampling
[HKL stats] h=[-11,13] k=[-11,12] l=[0,4] hit_rate=1046332/1048576 (99.79%)
auto-selected 1-fold oversampling
[HKL stats] h=[-11,13] k=[-11,12] l=[0,4] hit_rate=1046332/1048576 (99.79%)
auto-selected 1-fold oversampling
[HKL stats] h=[-10,12] k=[-13,14] l=[0,4] hit_rate=1046617/1048576 (99.81%)
auto-selected 1-fold oversampling
WARNING: out of range for three point interpolation
WARNING: further warnings will not be printed!
[HKL stats] h=[-1,1] k=[-88,96] l=[-0,4] hit_rate=0/1048576 (0.00%)
auto-selected 1-fold oversampling
[HKL stats] h=[-8,9] k=[-16,17] l=[0,4] hit_rate=1046417/1048576 (99.79%)
auto-selected 1-fold oversampling
[HKL stats] h=[-8,9] k=[-16,17] l=[0,4] hit_rate=1046417/1048576 (99.79%)
auto-selected 1-fold oversampling
[HKL stats] h=[-8,9] k=[-16,17] l=[0,4] hit_rate=1046417/1048576 (99.79%)
auto-selected 1-fold oversampling
[HKL stats] h=[-8,9] k=[-16,17] l=[0,4] hit_rate=1046417/1048576 (99.79%)
auto-selected 1-fold oversampling
[HKL stats] h=[-8,9] k=[-16,17] l=[0,4] hit_rate=1046417/1048576 (99.79%)
auto-selected 1-fold oversampling
[HKL stats] h=[-9,11] k=[-14,14] l=[0,4] hit_rate=1046491/1048576 (99.80%)
auto-selected 1-fold oversampling
[HKL stats] h=[-8,9] k=[-16,17] l=[0,4] hit_rate=1046417/1048576 (99.79%)
auto-selected 1-fold oversampling
[HKL stats] h=[-8,9] k=[-16,17] l=[0,4] hit_rate=1046417/1048576 (99.79%)
auto-selected 1-fold oversampling
[HKL stats] h=[-8,9] k=[-16,17] l=[0,4] hit_rate=1046417/1048576 (99.79%)
auto-selected 1-fold oversampling
[HKL stats] h=[-8,9] k=[-16,17] l=[0,4] hit_rate=1046417/1048576 (99.79%)
auto-selected 1-fold oversampling
[HKL stats] h=[-8,9] k=[-16,17] l=[0,4] hit_rate=1046417/1048576 (99.79%)
auto-selected 1-fold oversampling
[HKL stats] h=[-7,9] k=[-16,17] l=[0,4] hit_rate=1046349/1048576 (99.79%)
auto-selected 1-fold oversampling
[HKL stats] h=[-7,9] k=[-16,17] l=[0,4] hit_rate=1046349/1048576 (99.79%)
auto-selected 1-fold oversampling
[HKL stats] h=[-7,9] k=[-16,17] l=[0,4] hit_rate=1046349/1048576 (99.79%)
=============================== warnings summary ===============================
tests/dbex/test_torch_refine_smoke.py::test_stage_b_per_reflection_smoke
  <frozen importlib._bootstrap>:228: DeprecationWarning: builtin type SwigPyPacked has no __module__ attribute

tests/dbex/test_torch_refine_smoke.py::test_stage_b_per_reflection_smoke
  <frozen importlib._bootstrap>:228: DeprecationWarning: builtin type SwigPyObject has no __module__ attribute

tests/dbex/test_torch_refine_smoke.py::test_stage_b_per_reflection_smoke
  <frozen importlib._bootstrap>:228: DeprecationWarning: builtin type swigvarlink has no __module__ attribute

tests/dbex/test_torch_refine_smoke.py::test_stage_b_per_reflection_smoke
  /home/ollie/miniconda3/envs/simtbx/lib/python3.9/site-packages/dials/extensions/__init__.py:3: UserWarning: pkg_resources is deprecated as an API. See https://setuptools.pypa.io/en/latest/pkg_resources.html. The pkg_resources package is slated for removal as early as 2025-11-30. Refrain from using this package or pin to Setuptools<81.
    import pkg_resources

tests/dbex/test_torch_refine_smoke.py::test_stage_b_per_reflection_smoke
  /home/ollie/miniconda3/envs/simtbx/lib/python3.9/site-packages/dxtbx/format/FormatCBFFull.py:198: DeprecationWarning: The binary mode of fromstring is deprecated, as it behaves surprisingly on unicode inputs. Use frombuffer instead
    self._raw_data = flex.int(np.fromstring(array_string, np.int32))

-- Docs: https://docs.pytest.org/en/stable/how-to/capture-warnings.html
=========================== short test summary info ============================
FAILED tests/dbex/test_torch_refine_smoke.py::test_stage_b_per_reflection_smoke - KeyError: 'shell_edges'
======================== 1 failed, 5 warnings in 11.55s ========================
