============================= test session starts ==============================
platform linux -- Python 3.9.23, pytest-8.4.2, pluggy-1.6.0 -- /home/ollie/miniconda3/envs/simtbx/bin/python3.9
cachedir: .pytest_cache
rootdir: /home/ollie/Documents/diffbragg_example_2/diffbragg_example
configfile: pyproject.toml
collecting ... collected 4 items

tests/dbex/test_gradients.py::TestDB_AT_010_Gradcheck::test_db_at_010_gradcheck_crystal_cell_a PASSED [ 25%]
tests/dbex/test_gradients.py::TestDB_AT_010_Gradcheck::test_db_at_010_gradcheck_crystal_cell_gamma PASSED [ 50%]
tests/dbex/test_gradients.py::TestDB_AT_010_Gradcheck::test_db_at_010_gradcheck_detector_distance FAILED [ 75%]
tests/dbex/test_gradients.py::TestDB_AT_010_Gradcheck::test_db_at_010_gradcheck_beam_wavelength PASSED [100%]

=================================== FAILURES ===================================
______ TestDB_AT_010_Gradcheck.test_db_at_010_gradcheck_detector_distance ______
tests/dbex/test_gradients.py:462: in test_db_at_010_gradcheck_detector_distance
    gradcheck_passed = gradcheck(
../../../miniconda3/envs/simtbx/lib/python3.9/site-packages/torch/autograd/gradcheck.py:2053: in gradcheck
    return _gradcheck_helper(**args)
../../../miniconda3/envs/simtbx/lib/python3.9/site-packages/torch/autograd/gradcheck.py:2082: in _gradcheck_helper
    _gradcheck_real_imag(
../../../miniconda3/envs/simtbx/lib/python3.9/site-packages/torch/autograd/gradcheck.py:1492: in _gradcheck_real_imag
    gradcheck_fn(
../../../miniconda3/envs/simtbx/lib/python3.9/site-packages/torch/autograd/gradcheck.py:1593: in _slow_gradcheck
    return _check_no_differentiable_outputs(
../../../miniconda3/envs/simtbx/lib/python3.9/site-packages/torch/autograd/gradcheck.py:981: in _check_no_differentiable_outputs
    raise GradcheckError(
E   torch.autograd.gradcheck.GradcheckError: Numerical gradient for function expected to be zero
----------------------------- Captured stdout call -----------------------------
auto-selected 1-fold oversampling
[HKL stats] h=[-23,8] k=[-27,11] l=[-28,10] hit_rate=6207107/6224001 (99.73%)
auto-selected 1-fold oversampling
[HKL stats] h=[-23,8] k=[-27,11] l=[-28,10] hit_rate=6207107/6224001 (99.73%)
auto-selected 1-fold oversampling
[HKL stats] h=[-23,8] k=[-27,11] l=[-28,10] hit_rate=6207107/6224001 (99.73%)
=============================== warnings summary ===============================
tests/dbex/test_gradients.py::TestDB_AT_010_Gradcheck::test_db_at_010_gradcheck_crystal_cell_a
  <frozen importlib._bootstrap>:228: DeprecationWarning: builtin type SwigPyPacked has no __module__ attribute

tests/dbex/test_gradients.py::TestDB_AT_010_Gradcheck::test_db_at_010_gradcheck_crystal_cell_a
  <frozen importlib._bootstrap>:228: DeprecationWarning: builtin type SwigPyObject has no __module__ attribute

tests/dbex/test_gradients.py::TestDB_AT_010_Gradcheck::test_db_at_010_gradcheck_crystal_cell_a
  <frozen importlib._bootstrap>:228: DeprecationWarning: builtin type swigvarlink has no __module__ attribute

tests/dbex/test_gradients.py::TestDB_AT_010_Gradcheck::test_db_at_010_gradcheck_crystal_cell_a
  /home/ollie/miniconda3/envs/simtbx/lib/python3.9/site-packages/dials/extensions/__init__.py:3: UserWarning: pkg_resources is deprecated as an API. See https://setuptools.pypa.io/en/latest/pkg_resources.html. The pkg_resources package is slated for removal as early as 2025-11-30. Refrain from using this package or pin to Setuptools<81.
    import pkg_resources

-- Docs: https://docs.pytest.org/en/stable/how-to/capture-warnings.html
=========================== short test summary info ============================
FAILED tests/dbex/test_gradients.py::TestDB_AT_010_Gradcheck::test_db_at_010_gradcheck_detector_distance
============= 1 failed, 3 passed, 4 warnings in 282.39s (0:04:42) ==============
